2024-09-22 11:39:18.232337: E external/local_xla/xla/stream_executor/cuda/cuda_fft.cc:485] Unable to register cuFFT factory: Attempting to register factory for plugin cuFFT when one has already been registered
2024-09-22 11:39:18.242966: E external/local_xla/xla/stream_executor/cuda/cuda_dnn.cc:8454] Unable to register cuDNN factory: Attempting to register factory for plugin cuDNN when one has already been registered
2024-09-22 11:39:18.246085: E external/local_xla/xla/stream_executor/cuda/cuda_blas.cc:1452] Unable to register cuBLAS factory: Attempting to register factory for plugin cuBLAS when one has already been registered
2024-09-22 11:39:18.254642: I tensorflow/core/platform/cpu_feature_guard.cc:210] This TensorFlow binary is optimized to use available CPU instructions in performance-critical operations.
To enable the following instructions: SSE4.1 SSE4.2 AVX AVX2 FMA, in other operations, rebuild TensorFlow with the appropriate compiler flags.
WARNING: All log messages before absl::InitializeLog() is called are written to STDERR
I0000 00:00:1727019559.314056  146516 cuda_executor.cc:1015] successful NUMA node read from SysFS had negative value (-1), but there must be at least one NUMA node, so returning NUMA node zero. See more at https://github.com/torvalds/linux/blob/v6.0/Documentation/ABI/testing/sysfs-bus-pci#L344-L355
I0000 00:00:1727019559.314360  146516 cuda_executor.cc:1015] successful NUMA node read from SysFS had negative value (-1), but there must be at least one NUMA node, so returning NUMA node zero. See more at https://github.com/torvalds/linux/blob/v6.0/Documentation/ABI/testing/sysfs-bus-pci#L344-L355
I0000 00:00:1727019559.314649  146516 cuda_executor.cc:1015] successful NUMA node read from SysFS had negative value (-1), but there must be at least one NUMA node, so returning NUMA node zero. See more at https://github.com/torvalds/linux/blob/v6.0/Documentation/ABI/testing/sysfs-bus-pci#L344-L355
I0000 00:00:1727019559.359758  146516 cuda_executor.cc:1015] successful NUMA node read from SysFS had negative value (-1), but there must be at least one NUMA node, so returning NUMA node zero. See more at https://github.com/torvalds/linux/blob/v6.0/Documentation/ABI/testing/sysfs-bus-pci#L344-L355
I0000 00:00:1727019559.360063  146516 cuda_executor.cc:1015] successful NUMA node read from SysFS had negative value (-1), but there must be at least one NUMA node, so returning NUMA node zero. See more at https://github.com/torvalds/linux/blob/v6.0/Documentation/ABI/testing/sysfs-bus-pci#L344-L355
I0000 00:00:1727019559.360311  146516 cuda_executor.cc:1015] successful NUMA node read from SysFS had negative value (-1), but there must be at least one NUMA node, so returning NUMA node zero. See more at https://github.com/torvalds/linux/blob/v6.0/Documentation/ABI/testing/sysfs-bus-pci#L344-L355
I0000 00:00:1727019559.360555  146516 cuda_executor.cc:1015] successful NUMA node read from SysFS had negative value (-1), but there must be at least one NUMA node, so returning NUMA node zero. See more at https://github.com/torvalds/linux/blob/v6.0/Documentation/ABI/testing/sysfs-bus-pci#L344-L355
I0000 00:00:1727019559.360787  146516 cuda_executor.cc:1015] successful NUMA node read from SysFS had negative value (-1), but there must be at least one NUMA node, so returning NUMA node zero. See more at https://github.com/torvalds/linux/blob/v6.0/Documentation/ABI/testing/sysfs-bus-pci#L344-L355
I0000 00:00:1727019559.361015  146516 cuda_executor.cc:1015] successful NUMA node read from SysFS had negative value (-1), but there must be at least one NUMA node, so returning NUMA node zero. See more at https://github.com/torvalds/linux/blob/v6.0/Documentation/ABI/testing/sysfs-bus-pci#L344-L355
I0000 00:00:1727019559.635033  146516 cuda_executor.cc:1015] successful NUMA node read from SysFS had negative value (-1), but there must be at least one NUMA node, so returning NUMA node zero. See more at https://github.com/torvalds/linux/blob/v6.0/Documentation/ABI/testing/sysfs-bus-pci#L344-L355
I0000 00:00:1727019559.635352  146516 cuda_executor.cc:1015] successful NUMA node read from SysFS had negative value (-1), but there must be at least one NUMA node, so returning NUMA node zero. See more at https://github.com/torvalds/linux/blob/v6.0/Documentation/ABI/testing/sysfs-bus-pci#L344-L355
I0000 00:00:1727019559.635625  146516 cuda_executor.cc:1015] successful NUMA node read from SysFS had negative value (-1), but there must be at least one NUMA node, so returning NUMA node zero. See more at https://github.com/torvalds/linux/blob/v6.0/Documentation/ABI/testing/sysfs-bus-pci#L344-L355
I0000 00:00:1727019559.635885  146516 cuda_executor.cc:1015] successful NUMA node read from SysFS had negative value (-1), but there must be at least one NUMA node, so returning NUMA node zero. See more at https://github.com/torvalds/linux/blob/v6.0/Documentation/ABI/testing/sysfs-bus-pci#L344-L355
I0000 00:00:1727019559.636134  146516 cuda_executor.cc:1015] successful NUMA node read from SysFS had negative value (-1), but there must be at least one NUMA node, so returning NUMA node zero. See more at https://github.com/torvalds/linux/blob/v6.0/Documentation/ABI/testing/sysfs-bus-pci#L344-L355
I0000 00:00:1727019559.636387  146516 cuda_executor.cc:1015] successful NUMA node read from SysFS had negative value (-1), but there must be at least one NUMA node, so returning NUMA node zero. See more at https://github.com/torvalds/linux/blob/v6.0/Documentation/ABI/testing/sysfs-bus-pci#L344-L355
I0000 00:00:1727019559.636678  146516 cuda_executor.cc:1015] successful NUMA node read from SysFS had negative value (-1), but there must be at least one NUMA node, so returning NUMA node zero. See more at https://github.com/torvalds/linux/blob/v6.0/Documentation/ABI/testing/sysfs-bus-pci#L344-L355
I0000 00:00:1727019559.636941  146516 cuda_executor.cc:1015] successful NUMA node read from SysFS had negative value (-1), but there must be at least one NUMA node, so returning NUMA node zero. See more at https://github.com/torvalds/linux/blob/v6.0/Documentation/ABI/testing/sysfs-bus-pci#L344-L355
I0000 00:00:1727019559.637192  146516 cuda_executor.cc:1015] successful NUMA node read from SysFS had negative value (-1), but there must be at least one NUMA node, so returning NUMA node zero. See more at https://github.com/torvalds/linux/blob/v6.0/Documentation/ABI/testing/sysfs-bus-pci#L344-L355
I0000 00:00:1727019559.653435  146516 cuda_executor.cc:1015] successful NUMA node read from SysFS had negative value (-1), but there must be at least one NUMA node, so returning NUMA node zero. See more at https://github.com/torvalds/linux/blob/v6.0/Documentation/ABI/testing/sysfs-bus-pci#L344-L355
I0000 00:00:1727019559.654088  146516 cuda_executor.cc:1015] successful NUMA node read from SysFS had negative value (-1), but there must be at least one NUMA node, so returning NUMA node zero. See more at https://github.com/torvalds/linux/blob/v6.0/Documentation/ABI/testing/sysfs-bus-pci#L344-L355
I0000 00:00:1727019559.654623  146516 cuda_executor.cc:1015] successful NUMA node read from SysFS had negative value (-1), but there must be at least one NUMA node, so returning NUMA node zero. See more at https://github.com/torvalds/linux/blob/v6.0/Documentation/ABI/testing/sysfs-bus-pci#L344-L355
I0000 00:00:1727019559.654977  146516 cuda_executor.cc:1015] successful NUMA node read from SysFS had negative value (-1), but there must be at least one NUMA node, so returning NUMA node zero. See more at https://github.com/torvalds/linux/blob/v6.0/Documentation/ABI/testing/sysfs-bus-pci#L344-L355
I0000 00:00:1727019559.659633  146516 cuda_executor.cc:1015] successful NUMA node read from SysFS had negative value (-1), but there must be at least one NUMA node, so returning NUMA node zero. See more at https://github.com/torvalds/linux/blob/v6.0/Documentation/ABI/testing/sysfs-bus-pci#L344-L355
I0000 00:00:1727019559.659963  146516 cuda_executor.cc:1015] successful NUMA node read from SysFS had negative value (-1), but there must be at least one NUMA node, so returning NUMA node zero. See more at https://github.com/torvalds/linux/blob/v6.0/Documentation/ABI/testing/sysfs-bus-pci#L344-L355
I0000 00:00:1727019559.660405  146516 cuda_executor.cc:1015] successful NUMA node read from SysFS had negative value (-1), but there must be at least one NUMA node, so returning NUMA node zero. See more at https://github.com/torvalds/linux/blob/v6.0/Documentation/ABI/testing/sysfs-bus-pci#L344-L355
2024-09-22 11:39:19.660887: I tensorflow/core/common_runtime/gpu/gpu_device.cc:2021] Created device /job:localhost/replica:0/task:0/device:GPU:0 with 46857 MB memory:  -> device: 0, name: NVIDIA RTX A6000, pci bus id: 0000:01:00.0, compute capability: 8.6
I0000 00:00:1727019559.661237  146516 cuda_executor.cc:1015] successful NUMA node read from SysFS had negative value (-1), but there must be at least one NUMA node, so returning NUMA node zero. See more at https://github.com/torvalds/linux/blob/v6.0/Documentation/ABI/testing/sysfs-bus-pci#L344-L355
2024-09-22 11:39:19.661686: I tensorflow/core/common_runtime/gpu/gpu_device.cc:2021] Created device /job:localhost/replica:0/task:0/device:GPU:1 with 46857 MB memory:  -> device: 1, name: NVIDIA RTX A6000, pci bus id: 0000:41:00.0, compute capability: 8.6
I0000 00:00:1727019559.661992  146516 cuda_executor.cc:1015] successful NUMA node read from SysFS had negative value (-1), but there must be at least one NUMA node, so returning NUMA node zero. See more at https://github.com/torvalds/linux/blob/v6.0/Documentation/ABI/testing/sysfs-bus-pci#L344-L355
2024-09-22 11:39:19.662441: I tensorflow/core/common_runtime/gpu/gpu_device.cc:2021] Created device /job:localhost/replica:0/task:0/device:GPU:2 with 46214 MB memory:  -> device: 2, name: NVIDIA RTX A6000, pci bus id: 0000:61:00.0, compute capability: 8.6
<module 'tensorflow._api.v2.version' from '/home/harish/miniconda3/envs/gUstNET/lib/python3.9/site-packages/tensorflow/_api/v2/version/__init__.py'>
3.5.0
<module 'tensorflow._api.v2.version' from '/home/harish/miniconda3/envs/gUstNET/lib/python3.9/site-packages/tensorflow/_api/v2/version/__init__.py'>
3.5.0
<module 'tensorflow._api.v2.version' from '/home/harish/miniconda3/envs/gUstNET/lib/python3.9/site-packages/tensorflow/_api/v2/version/__init__.py'>
3.5.0
X_train (14034, 256, 384, 3) Y_train (14034, 256, 384, 1) X_val (3456, 256, 384, 3) Y_val (3456, 256, 384, 1) X_test (8757, 256, 384, 3) Y_test (8757, 256, 384, 1)
Model: "functional"
┏━━━━━━━━━━━━━━━━━━━━━┳━━━━━━━━━━━━━━━━━━━┳━━━━━━━━━━━━┳━━━━━━━━━━━━━━━━━━━┓
┃ Layer (type)        ┃ Output Shape      ┃    Param # ┃ Connected to      ┃
┡━━━━━━━━━━━━━━━━━━━━━╇━━━━━━━━━━━━━━━━━━━╇━━━━━━━━━━━━╇━━━━━━━━━━━━━━━━━━━┩
│ input_layer         │ (None, 256, 384,  │          0 │ -                 │
│ (InputLayer)        │ 3)                │            │                   │
├─────────────────────┼───────────────────┼────────────┼───────────────────┤
│ reflect_padding2d_1 │ (None, 260, 388,  │          0 │ input_layer[0][0] │
│ (ReflectPadding2D)  │ 3)                │            │                   │
├─────────────────────┼───────────────────┼────────────┼───────────────────┤
│ reflect_padding2d_2 │ (None, 256, 384,  │          0 │ input_layer[0][0] │
│ (ReflectPadding2D)  │ 3)                │            │                   │
├─────────────────────┼───────────────────┼────────────┼───────────────────┤
│ conv2d_1 (Conv2D)   │ (None, 256, 384,  │      4,864 │ reflect_padding2… │
│                     │ 64)               │            │                   │
├─────────────────────┼───────────────────┼────────────┼───────────────────┤
│ conv2d_2 (Conv2D)   │ (None, 256, 384,  │        256 │ reflect_padding2… │
│                     │ 64)               │            │                   │
├─────────────────────┼───────────────────┼────────────┼───────────────────┤
│ add (Add)           │ (None, 256, 384,  │          0 │ conv2d_1[0][0],   │
│                     │ 64)               │            │ conv2d_2[0][0]    │
├─────────────────────┼───────────────────┼────────────┼───────────────────┤
│ reflect_padding2d_6 │ (None, 260, 388,  │          0 │ add[0][0]         │
│ (ReflectPadding2D)  │ 64)               │            │                   │
├─────────────────────┼───────────────────┼────────────┼───────────────────┤
│ conv2d_6 (Conv2D)   │ (None, 128, 192,  │    102,464 │ reflect_padding2… │
│                     │ 64)               │            │                   │
├─────────────────────┼───────────────────┼────────────┼───────────────────┤
│ reflect_padding2d_7 │ (None, 132, 196,  │          0 │ conv2d_6[0][0]    │
│ (ReflectPadding2D)  │ 64)               │            │                   │
├─────────────────────┼───────────────────┼────────────┼───────────────────┤
│ conv2d_7 (Conv2D)   │ (None, 128, 192,  │    102,464 │ reflect_padding2… │
│                     │ 64)               │            │                   │
├─────────────────────┼───────────────────┼────────────┼───────────────────┤
│ reflect_padding2d_8 │ (None, 132, 196,  │          0 │ conv2d_7[0][0]    │
│ (ReflectPadding2D)  │ 64)               │            │                   │
├─────────────────────┼───────────────────┼────────────┼───────────────────┤
│ conv2d_8 (Conv2D)   │ (None, 128, 192,  │    102,464 │ reflect_padding2… │
│                     │ 64)               │            │                   │
├─────────────────────┼───────────────────┼────────────┼───────────────────┤
│ reflect_padding2d_… │ (None, 132, 196,  │          0 │ conv2d_8[0][0]    │
│ (ReflectPadding2D)  │ 64)               │            │                   │
├─────────────────────┼───────────────────┼────────────┼───────────────────┤
│ reflect_padding2d_… │ (None, 128, 192,  │          0 │ conv2d_8[0][0]    │
│ (ReflectPadding2D)  │ 64)               │            │                   │
├─────────────────────┼───────────────────┼────────────┼───────────────────┤
│ conv2d_10 (Conv2D)  │ (None, 128, 192,  │    204,928 │ reflect_padding2… │
│                     │ 128)              │            │                   │
├─────────────────────┼───────────────────┼────────────┼───────────────────┤
│ conv2d_11 (Conv2D)  │ (None, 128, 192,  │      8,320 │ reflect_padding2… │
│                     │ 128)              │            │                   │
├─────────────────────┼───────────────────┼────────────┼───────────────────┤
│ add_2 (Add)         │ (None, 128, 192,  │          0 │ conv2d_10[0][0],  │
│                     │ 128)              │            │ conv2d_11[0][0]   │
├─────────────────────┼───────────────────┼────────────┼───────────────────┤
│ reflect_padding2d_… │ (None, 132, 196,  │          0 │ add_2[0][0]       │
│ (ReflectPadding2D)  │ 128)              │            │                   │
├─────────────────────┼───────────────────┼────────────┼───────────────────┤
│ conv2d_15 (Conv2D)  │ (None, 64, 96,    │    409,728 │ reflect_padding2… │
│                     │ 128)              │            │                   │
├─────────────────────┼───────────────────┼────────────┼───────────────────┤
│ reflect_padding2d_… │ (None, 68, 100,   │          0 │ conv2d_15[0][0]   │
│ (ReflectPadding2D)  │ 128)              │            │                   │
├─────────────────────┼───────────────────┼────────────┼───────────────────┤
│ conv2d_16 (Conv2D)  │ (None, 64, 96,    │    409,728 │ reflect_padding2… │
│                     │ 128)              │            │                   │
├─────────────────────┼───────────────────┼────────────┼───────────────────┤
│ reflect_padding2d_… │ (None, 68, 100,   │          0 │ conv2d_16[0][0]   │
│ (ReflectPadding2D)  │ 128)              │            │                   │
├─────────────────────┼───────────────────┼────────────┼───────────────────┤
│ conv2d_17 (Conv2D)  │ (None, 64, 96,    │    409,728 │ reflect_padding2… │
│                     │ 128)              │            │                   │
├─────────────────────┼───────────────────┼────────────┼───────────────────┤
│ reflect_padding2d_… │ (None, 68, 100,   │          0 │ conv2d_17[0][0]   │
│ (ReflectPadding2D)  │ 128)              │            │                   │
├─────────────────────┼───────────────────┼────────────┼───────────────────┤
│ reflect_padding2d_… │ (None, 64, 96,    │          0 │ conv2d_17[0][0]   │
│ (ReflectPadding2D)  │ 128)              │            │                   │
├─────────────────────┼───────────────────┼────────────┼───────────────────┤
│ conv2d_19 (Conv2D)  │ (None, 64, 96,    │    819,456 │ reflect_padding2… │
│                     │ 256)              │            │                   │
├─────────────────────┼───────────────────┼────────────┼───────────────────┤
│ conv2d_20 (Conv2D)  │ (None, 64, 96,    │     33,024 │ reflect_padding2… │
│                     │ 256)              │            │                   │
├─────────────────────┼───────────────────┼────────────┼───────────────────┤
│ add_4 (Add)         │ (None, 64, 96,    │          0 │ conv2d_19[0][0],  │
│                     │ 256)              │            │ conv2d_20[0][0]   │
├─────────────────────┼───────────────────┼────────────┼───────────────────┤
│ reflect_padding2d_… │ (None, 68, 100,   │          0 │ add_4[0][0]       │
│ (ReflectPadding2D)  │ 256)              │            │                   │
├─────────────────────┼───────────────────┼────────────┼───────────────────┤
│ conv2d_24 (Conv2D)  │ (None, 32, 48,    │  1,638,656 │ reflect_padding2… │
│                     │ 256)              │            │                   │
├─────────────────────┼───────────────────┼────────────┼───────────────────┤
│ reflect_padding2d_… │ (None, 36, 52,    │          0 │ conv2d_24[0][0]   │
│ (ReflectPadding2D)  │ 256)              │            │                   │
├─────────────────────┼───────────────────┼────────────┼───────────────────┤
│ conv2d_25 (Conv2D)  │ (None, 32, 48,    │  1,638,656 │ reflect_padding2… │
│                     │ 256)              │            │                   │
├─────────────────────┼───────────────────┼────────────┼───────────────────┤
│ reflect_padding2d_… │ (None, 36, 52,    │          0 │ conv2d_25[0][0]   │
│ (ReflectPadding2D)  │ 256)              │            │                   │
├─────────────────────┼───────────────────┼────────────┼───────────────────┤
│ conv2d_26 (Conv2D)  │ (None, 32, 48,    │  1,638,656 │ reflect_padding2… │
│                     │ 256)              │            │                   │
├─────────────────────┼───────────────────┼────────────┼───────────────────┤
│ reflect_padding2d_… │ (None, 36, 52,    │          0 │ conv2d_26[0][0]   │
│ (ReflectPadding2D)  │ 256)              │            │                   │
├─────────────────────┼───────────────────┼────────────┼───────────────────┤
│ reflect_padding2d_… │ (None, 32, 48,    │          0 │ conv2d_26[0][0]   │
│ (ReflectPadding2D)  │ 256)              │            │                   │
├─────────────────────┼───────────────────┼────────────┼───────────────────┤
│ conv2d_28 (Conv2D)  │ (None, 32, 48,    │  1,638,656 │ reflect_padding2… │
│                     │ 256)              │            │                   │
├─────────────────────┼───────────────────┼────────────┼───────────────────┤
│ conv2d_29 (Conv2D)  │ (None, 32, 48,    │     65,792 │ reflect_padding2… │
│                     │ 256)              │            │                   │
├─────────────────────┼───────────────────┼────────────┼───────────────────┤
│ add_6 (Add)         │ (None, 32, 48,    │          0 │ conv2d_28[0][0],  │
│                     │ 256)              │            │ conv2d_29[0][0]   │
├─────────────────────┼───────────────────┼────────────┼───────────────────┤
│ multi_head_attenti… │ (None, 32, 48,    │     65,984 │ add_6[0][0],      │
│ (MultiHeadAttentio… │ 256)              │            │ add_6[0][0]       │
├─────────────────────┼───────────────────┼────────────┼───────────────────┤
│ reflect_padding2d_… │ (None, 36, 52,    │          0 │ multi_head_atten… │
│ (ReflectPadding2D)  │ 256)              │            │                   │
├─────────────────────┼───────────────────┼────────────┼───────────────────┤
│ reflect_padding2d_… │ (None, 32, 48,    │          0 │ multi_head_atten… │
│ (ReflectPadding2D)  │ 256)              │            │                   │
├─────────────────────┼───────────────────┼────────────┼───────────────────┤
│ conv2d_31 (Conv2D)  │ (None, 32, 48,    │  1,638,656 │ reflect_padding2… │
│                     │ 256)              │            │                   │
├─────────────────────┼───────────────────┼────────────┼───────────────────┤
│ conv2d_32 (Conv2D)  │ (None, 32, 48,    │     65,792 │ reflect_padding2… │
│                     │ 256)              │            │                   │
├─────────────────────┼───────────────────┼────────────┼───────────────────┤
│ add_7 (Add)         │ (None, 32, 48,    │          0 │ conv2d_31[0][0],  │
│                     │ 256)              │            │ conv2d_32[0][0]   │
├─────────────────────┼───────────────────┼────────────┼───────────────────┤
│ multi_head_attenti… │ (None, 32, 48,    │     65,984 │ add_7[0][0],      │
│ (MultiHeadAttentio… │ 256)              │            │ add_7[0][0]       │
├─────────────────────┼───────────────────┼────────────┼───────────────────┤
│ reflect_padding2d_… │ (None, 36, 52,    │          0 │ multi_head_atten… │
│ (ReflectPadding2D)  │ 256)              │            │                   │
├─────────────────────┼───────────────────┼────────────┼───────────────────┤
│ reflect_padding2d_… │ (None, 32, 48,    │          0 │ multi_head_atten… │
│ (ReflectPadding2D)  │ 256)              │            │                   │
├─────────────────────┼───────────────────┼────────────┼───────────────────┤
│ conv2d_34 (Conv2D)  │ (None, 32, 48,    │  1,638,656 │ reflect_padding2… │
│                     │ 256)              │            │                   │
├─────────────────────┼───────────────────┼────────────┼───────────────────┤
│ conv2d_35 (Conv2D)  │ (None, 32, 48,    │     65,792 │ reflect_padding2… │
│                     │ 256)              │            │                   │
├─────────────────────┼───────────────────┼────────────┼───────────────────┤
│ add_8 (Add)         │ (None, 32, 48,    │          0 │ conv2d_34[0][0],  │
│                     │ 256)              │            │ conv2d_35[0][0]   │
├─────────────────────┼───────────────────┼────────────┼───────────────────┤
│ up_sampling2d       │ (None, 64, 96,    │          0 │ add_8[0][0]       │
│ (UpSampling2D)      │ 256)              │            │                   │
├─────────────────────┼───────────────────┼────────────┼───────────────────┤
│ reflect_padding2d_… │ (None, 68, 100,   │          0 │ up_sampling2d[0]… │
│ (ReflectPadding2D)  │ 256)              │            │                   │
├─────────────────────┼───────────────────┼────────────┼───────────────────┤
│ conv2d_36 (Conv2D)  │ (None, 64, 96,    │  1,638,656 │ reflect_padding2… │
│                     │ 256)              │            │                   │
├─────────────────────┼───────────────────┼────────────┼───────────────────┤
│ reflect_padding2d_… │ (None, 68, 100,   │          0 │ add_4[0][0]       │
│ (ReflectPadding2D)  │ 256)              │            │                   │
├─────────────────────┼───────────────────┼────────────┼───────────────────┤
│ reflect_padding2d_… │ (None, 64, 96,    │          0 │ add_4[0][0]       │
│ (ReflectPadding2D)  │ 256)              │            │                   │
├─────────────────────┼───────────────────┼────────────┼───────────────────┤
│ reflect_padding2d_… │ (None, 68, 100,   │          0 │ conv2d_36[0][0]   │
│ (ReflectPadding2D)  │ 256)              │            │                   │
├─────────────────────┼───────────────────┼────────────┼───────────────────┤
│ conv2d_22 (Conv2D)  │ (None, 64, 96,    │    409,664 │ reflect_padding2… │
│                     │ 64)               │            │                   │
├─────────────────────┼───────────────────┼────────────┼───────────────────┤
│ conv2d_23 (Conv2D)  │ (None, 64, 96,    │     16,448 │ reflect_padding2… │
│                     │ 64)               │            │                   │
├─────────────────────┼───────────────────┼────────────┼───────────────────┤
│ conv2d_37 (Conv2D)  │ (None, 64, 96,    │  1,638,656 │ reflect_padding2… │
│                     │ 256)              │            │                   │
├─────────────────────┼───────────────────┼────────────┼───────────────────┤
│ add_5 (Add)         │ (None, 64, 96,    │          0 │ conv2d_22[0][0],  │
│                     │ 64)               │            │ conv2d_23[0][0]   │
├─────────────────────┼───────────────────┼────────────┼───────────────────┤
│ concatenate         │ (None, 64, 96,    │          0 │ conv2d_37[0][0],  │
│ (Concatenate)       │ 320)              │            │ add_5[0][0]       │
├─────────────────────┼───────────────────┼────────────┼───────────────────┤
│ reflect_padding2d_… │ (None, 68, 100,   │          0 │ concatenate[0][0] │
│ (ReflectPadding2D)  │ 320)              │            │                   │
├─────────────────────┼───────────────────┼────────────┼───────────────────┤
│ reflect_padding2d_… │ (None, 64, 96,    │          0 │ concatenate[0][0] │
│ (ReflectPadding2D)  │ 320)              │            │                   │
├─────────────────────┼───────────────────┼────────────┼───────────────────┤
│ conv2d_39 (Conv2D)  │ (None, 64, 96,    │  2,048,256 │ reflect_padding2… │
│                     │ 256)              │            │                   │
├─────────────────────┼───────────────────┼────────────┼───────────────────┤
│ conv2d_40 (Conv2D)  │ (None, 64, 96,    │     82,176 │ reflect_padding2… │
│                     │ 256)              │            │                   │
├─────────────────────┼───────────────────┼────────────┼───────────────────┤
│ add_9 (Add)         │ (None, 64, 96,    │          0 │ conv2d_39[0][0],  │
│                     │ 256)              │            │ conv2d_40[0][0]   │
├─────────────────────┼───────────────────┼────────────┼───────────────────┤
│ up_sampling2d_1     │ (None, 128, 192,  │          0 │ add_9[0][0]       │
│ (UpSampling2D)      │ 256)              │            │                   │
├─────────────────────┼───────────────────┼────────────┼───────────────────┤
│ reflect_padding2d_… │ (None, 132, 196,  │          0 │ up_sampling2d_1[… │
│ (ReflectPadding2D)  │ 256)              │            │                   │
├─────────────────────┼───────────────────┼────────────┼───────────────────┤
│ conv2d_41 (Conv2D)  │ (None, 128, 192,  │    819,328 │ reflect_padding2… │
│                     │ 128)              │            │                   │
├─────────────────────┼───────────────────┼────────────┼───────────────────┤
│ reflect_padding2d_… │ (None, 132, 196,  │          0 │ add_2[0][0]       │
│ (ReflectPadding2D)  │ 128)              │            │                   │
├─────────────────────┼───────────────────┼────────────┼───────────────────┤
│ reflect_padding2d_… │ (None, 128, 192,  │          0 │ add_2[0][0]       │
│ (ReflectPadding2D)  │ 128)              │            │                   │
├─────────────────────┼───────────────────┼────────────┼───────────────────┤
│ reflect_padding2d_… │ (None, 132, 196,  │          0 │ conv2d_41[0][0]   │
│ (ReflectPadding2D)  │ 128)              │            │                   │
├─────────────────────┼───────────────────┼────────────┼───────────────────┤
│ conv2d_13 (Conv2D)  │ (None, 128, 192,  │    102,432 │ reflect_padding2… │
│                     │ 32)               │            │                   │
├─────────────────────┼───────────────────┼────────────┼───────────────────┤
│ conv2d_14 (Conv2D)  │ (None, 128, 192,  │      4,128 │ reflect_padding2… │
│                     │ 32)               │            │                   │
├─────────────────────┼───────────────────┼────────────┼───────────────────┤
│ conv2d_42 (Conv2D)  │ (None, 128, 192,  │    409,728 │ reflect_padding2… │
│                     │ 128)              │            │                   │
├─────────────────────┼───────────────────┼────────────┼───────────────────┤
│ add_3 (Add)         │ (None, 128, 192,  │          0 │ conv2d_13[0][0],  │
│                     │ 32)               │            │ conv2d_14[0][0]   │
├─────────────────────┼───────────────────┼────────────┼───────────────────┤
│ concatenate_1       │ (None, 128, 192,  │          0 │ conv2d_42[0][0],  │
│ (Concatenate)       │ 160)              │            │ add_3[0][0]       │
├─────────────────────┼───────────────────┼────────────┼───────────────────┤
│ reflect_padding2d_… │ (None, 132, 196,  │          0 │ concatenate_1[0]… │
│ (ReflectPadding2D)  │ 160)              │            │                   │
├─────────────────────┼───────────────────┼────────────┼───────────────────┤
│ reflect_padding2d_… │ (None, 128, 192,  │          0 │ concatenate_1[0]… │
│ (ReflectPadding2D)  │ 160)              │            │                   │
├─────────────────────┼───────────────────┼────────────┼───────────────────┤
│ conv2d_44 (Conv2D)  │ (None, 128, 192,  │    512,128 │ reflect_padding2… │
│                     │ 128)              │            │                   │
├─────────────────────┼───────────────────┼────────────┼───────────────────┤
│ conv2d_45 (Conv2D)  │ (None, 128, 192,  │     20,608 │ reflect_padding2… │
│                     │ 128)              │            │                   │
├─────────────────────┼───────────────────┼────────────┼───────────────────┤
│ add_10 (Add)        │ (None, 128, 192,  │          0 │ conv2d_44[0][0],  │
│                     │ 128)              │            │ conv2d_45[0][0]   │
├─────────────────────┼───────────────────┼────────────┼───────────────────┤
│ up_sampling2d_2     │ (None, 256, 384,  │          0 │ add_10[0][0]      │
│ (UpSampling2D)      │ 128)              │            │                   │
├─────────────────────┼───────────────────┼────────────┼───────────────────┤
│ reflect_padding2d_… │ (None, 260, 388,  │          0 │ up_sampling2d_2[… │
│ (ReflectPadding2D)  │ 128)              │            │                   │
├─────────────────────┼───────────────────┼────────────┼───────────────────┤
│ conv2d_46 (Conv2D)  │ (None, 256, 384,  │    204,864 │ reflect_padding2… │
│                     │ 64)               │            │                   │
├─────────────────────┼───────────────────┼────────────┼───────────────────┤
│ reflect_padding2d_4 │ (None, 260, 388,  │          0 │ add[0][0]         │
│ (ReflectPadding2D)  │ 64)               │            │                   │
├─────────────────────┼───────────────────┼────────────┼───────────────────┤
│ reflect_padding2d_5 │ (None, 256, 384,  │          0 │ add[0][0]         │
│ (ReflectPadding2D)  │ 64)               │            │                   │
├─────────────────────┼───────────────────┼────────────┼───────────────────┤
│ reflect_padding2d_… │ (None, 260, 388,  │          0 │ conv2d_46[0][0]   │
│ (ReflectPadding2D)  │ 64)               │            │                   │
├─────────────────────┼───────────────────┼────────────┼───────────────────┤
│ conv2d_4 (Conv2D)   │ (None, 256, 384,  │     25,616 │ reflect_padding2… │
│                     │ 16)               │            │                   │
├─────────────────────┼───────────────────┼────────────┼───────────────────┤
│ conv2d_5 (Conv2D)   │ (None, 256, 384,  │      1,040 │ reflect_padding2… │
│                     │ 16)               │            │                   │
├─────────────────────┼───────────────────┼────────────┼───────────────────┤
│ conv2d_47 (Conv2D)  │ (None, 256, 384,  │    102,464 │ reflect_padding2… │
│                     │ 64)               │            │                   │
├─────────────────────┼───────────────────┼────────────┼───────────────────┤
│ add_1 (Add)         │ (None, 256, 384,  │          0 │ conv2d_4[0][0],   │
│                     │ 16)               │            │ conv2d_5[0][0]    │
├─────────────────────┼───────────────────┼────────────┼───────────────────┤
│ concatenate_2       │ (None, 256, 384,  │          0 │ conv2d_47[0][0],  │
│ (Concatenate)       │ 80)               │            │ add_1[0][0]       │
├─────────────────────┼───────────────────┼────────────┼───────────────────┤
│ reflect_padding2d_… │ (None, 260, 388,  │          0 │ concatenate_2[0]… │
│ (ReflectPadding2D)  │ 80)               │            │                   │
├─────────────────────┼───────────────────┼────────────┼───────────────────┤
│ reflect_padding2d_… │ (None, 256, 384,  │          0 │ concatenate_2[0]… │
│ (ReflectPadding2D)  │ 80)               │            │                   │
├─────────────────────┼───────────────────┼────────────┼───────────────────┤
│ conv2d_49 (Conv2D)  │ (None, 256, 384,  │    128,064 │ reflect_padding2… │
│                     │ 64)               │            │                   │
├─────────────────────┼───────────────────┼────────────┼───────────────────┤
│ conv2d_50 (Conv2D)  │ (None, 256, 384,  │      5,184 │ reflect_padding2… │
│                     │ 64)               │            │                   │
├─────────────────────┼───────────────────┼────────────┼───────────────────┤
│ add_11 (Add)        │ (None, 256, 384,  │          0 │ conv2d_49[0][0],  │
│                     │ 64)               │            │ conv2d_50[0][0]   │
├─────────────────────┼───────────────────┼────────────┼───────────────────┤
│ reflect_padding2d_… │ (None, 260, 388,  │          0 │ add_11[0][0]      │
│ (ReflectPadding2D)  │ 64)               │            │                   │
├─────────────────────┼───────────────────┼────────────┼───────────────────┤
│ reflect_padding2d_… │ (None, 256, 384,  │          0 │ add_11[0][0]      │
│ (ReflectPadding2D)  │ 64)               │            │                   │
├─────────────────────┼───────────────────┼────────────┼───────────────────┤
│ conv2d_52 (Conv2D)  │ (None, 256, 384,  │     51,232 │ reflect_padding2… │
│                     │ 32)               │            │                   │
├─────────────────────┼───────────────────┼────────────┼───────────────────┤
│ conv2d_53 (Conv2D)  │ (None, 256, 384,  │      2,080 │ reflect_padding2… │
│                     │ 32)               │            │                   │
├─────────────────────┼───────────────────┼────────────┼───────────────────┤
│ add_12 (Add)        │ (None, 256, 384,  │          0 │ conv2d_52[0][0],  │
│                     │ 32)               │            │ conv2d_53[0][0]   │
├─────────────────────┼───────────────────┼────────────┼───────────────────┤
│ reflect_padding2d_… │ (None, 256, 384,  │          0 │ add_12[0][0]      │
│ (ReflectPadding2D)  │ 32)               │            │                   │
├─────────────────────┼───────────────────┼────────────┼───────────────────┤
│ conv2d_54 (Conv2D)  │ (None, 256, 384,  │      1,056 │ reflect_padding2… │
│                     │ 32)               │            │                   │
├─────────────────────┼───────────────────┼────────────┼───────────────────┤
│ reflect_padding2d_… │ (None, 256, 384,  │          0 │ conv2d_54[0][0]   │
│ (ReflectPadding2D)  │ 32)               │            │                   │
├─────────────────────┼───────────────────┼────────────┼───────────────────┤
│ conv2d_55 (Conv2D)  │ (None, 256, 384,  │         33 │ reflect_padding2… │
│                     │ 1)                │            │                   │
└─────────────────────┴───────────────────┴────────────┴───────────────────┘
 Total params: 20,992,545 (80.08 MB)
 Trainable params: 20,992,545 (80.08 MB)
 Non-trainable params: 0 (0.00 B)
None
Epoch 1/100
I0000 00:00:1727019630.476712  146553 service.cc:146] XLA service 0x7ac6a802bc30 initialized for platform CUDA (this does not guarantee that XLA will be used). Devices:
I0000 00:00:1727019630.476733  146553 service.cc:154]   StreamExecutor device (0): NVIDIA RTX A6000, Compute Capability 8.6
I0000 00:00:1727019630.476735  146553 service.cc:154]   StreamExecutor device (1): NVIDIA RTX A6000, Compute Capability 8.6
I0000 00:00:1727019630.476737  146553 service.cc:154]   StreamExecutor device (2): NVIDIA RTX A6000, Compute Capability 8.6
2024-09-22 11:40:30.861627: I tensorflow/compiler/mlir/tensorflow/utils/dump_mlir_util.cc:268] disabling MLIR crash reproducer, set env var `MLIR_CRASH_REPRODUCER_DIRECTORY` to enable.
2024-09-22 11:40:31.597297: I external/local_xla/xla/stream_executor/cuda/cuda_dnn.cc:531] Loaded cuDNN version 90201
2024-09-22 11:40:33.608592: I external/local_xla/xla/stream_executor/cuda/cuda_asm_compiler.cc:393] ptxas warning : Registers are spilled to local memory in function 'gemm_fusion_dot', 316 bytes spill stores, 436 bytes spill loads

2024-09-22 11:40:42.173582: I external/local_xla/xla/stream_executor/cuda/cuda_asm_compiler.cc:393] ptxas warning : Registers are spilled to local memory in function 'gemm_fusion_dot_46', 72 bytes spill stores, 72 bytes spill loads

2024-09-22 11:40:45.295041: I external/local_xla/xla/stream_executor/cuda/cuda_asm_compiler.cc:393] ptxas warning : Registers are spilled to local memory in function 'gemm_fusion_dot_18', 304 bytes spill stores, 436 bytes spill loads

2024-09-22 11:40:47.326514: I external/local_xla/xla/stream_executor/cuda/cuda_asm_compiler.cc:393] ptxas warning : Registers are spilled to local memory in function 'gemm_fusion_dot_50', 36 bytes spill stores, 36 bytes spill loads

2024-09-22 11:40:49.182606: I external/local_xla/xla/stream_executor/cuda/cuda_asm_compiler.cc:393] ptxas warning : Registers are spilled to local memory in function 'gemm_fusion_dot_51', 60 bytes spill stores, 60 bytes spill loads

2024-09-22 11:40:51.534874: I external/local_xla/xla/stream_executor/cuda/cuda_asm_compiler.cc:393] ptxas warning : Registers are spilled to local memory in function 'gemm_fusion_dot_51', 8 bytes spill stores, 8 bytes spill loads

2024-09-22 11:40:53.318171: I external/local_xla/xla/stream_executor/cuda/cuda_asm_compiler.cc:393] ptxas warning : Registers are spilled to local memory in function 'gemm_fusion_dot_51', 2684 bytes spill stores, 2668 bytes spill loads

2024-09-22 11:40:53.772117: I external/local_xla/xla/stream_executor/cuda/cuda_asm_compiler.cc:393] ptxas warning : Registers are spilled to local memory in function 'gemm_fusion_dot_51', 664 bytes spill stores, 664 bytes spill loads

2024-09-22 11:40:55.019810: I external/local_xla/xla/stream_executor/cuda/cuda_asm_compiler.cc:393] ptxas warning : Registers are spilled to local memory in function 'gemm_fusion_dot_51', 360 bytes spill stores, 360 bytes spill loads

2024-09-22 11:40:56.077800: I external/local_xla/xla/stream_executor/cuda/cuda_asm_compiler.cc:393] ptxas warning : Registers are spilled to local memory in function 'gemm_fusion_dot_49', 4 bytes spill stores, 4 bytes spill loads

2024-09-22 11:40:59.818014: I external/local_xla/xla/stream_executor/cuda/cuda_asm_compiler.cc:393] ptxas warning : Registers are spilled to local memory in function 'gemm_fusion_dot_27', 8 bytes spill stores, 8 bytes spill loads

2024-09-22 11:41:44.560151: E external/local_xla/xla/service/slow_operation_alarm.cc:65] Trying algorithm eng0{} for conv (f32[32,80,260,388]{3,2,1,0}, u8[0]{0}) custom-call(f32[32,64,256,384]{3,2,1,0}, f32[64,80,5,5]{3,2,1,0}), window={size=5x5}, dim_labels=bf01_oi01->bf01, custom_call_target="__cudnn$convBackwardInput", backend_config={"operation_queue_id":"0","wait_on_operation_queues":[],"cudnn_conv_backend_config":{"activation_mode":"kNone","conv_result_scale":1,"side_input_scale":0,"leakyrelu_alpha":0},"force_earliest_schedule":false} is taking a while...
2024-09-22 11:41:45.990279: E external/local_xla/xla/service/slow_operation_alarm.cc:133] The operation took 2.430196558s
Trying algorithm eng0{} for conv (f32[32,80,260,388]{3,2,1,0}, u8[0]{0}) custom-call(f32[32,64,256,384]{3,2,1,0}, f32[64,80,5,5]{3,2,1,0}), window={size=5x5}, dim_labels=bf01_oi01->bf01, custom_call_target="__cudnn$convBackwardInput", backend_config={"operation_queue_id":"0","wait_on_operation_queues":[],"cudnn_conv_backend_config":{"activation_mode":"kNone","conv_result_scale":1,"side_input_scale":0,"leakyrelu_alpha":0},"force_earliest_schedule":false} is taking a while...
2024-09-22 11:41:52.082154: E external/local_xla/xla/service/slow_operation_alarm.cc:65] Trying algorithm eng0{} for conv (f32[32,64,260,388]{3,2,1,0}, u8[0]{0}) custom-call(f32[32,64,256,384]{3,2,1,0}, f32[64,64,5,5]{3,2,1,0}), window={size=5x5}, dim_labels=bf01_oi01->bf01, custom_call_target="__cudnn$convBackwardInput", backend_config={"operation_queue_id":"0","wait_on_operation_queues":[],"cudnn_conv_backend_config":{"activation_mode":"kNone","conv_result_scale":1,"side_input_scale":0,"leakyrelu_alpha":0},"force_earliest_schedule":false} is taking a while...
2024-09-22 11:41:53.041758: E external/local_xla/xla/service/slow_operation_alarm.cc:133] The operation took 1.959665251s
Trying algorithm eng0{} for conv (f32[32,64,260,388]{3,2,1,0}, u8[0]{0}) custom-call(f32[32,64,256,384]{3,2,1,0}, f32[64,64,5,5]{3,2,1,0}), window={size=5x5}, dim_labels=bf01_oi01->bf01, custom_call_target="__cudnn$convBackwardInput", backend_config={"operation_queue_id":"0","wait_on_operation_queues":[],"cudnn_conv_backend_config":{"activation_mode":"kNone","conv_result_scale":1,"side_input_scale":0,"leakyrelu_alpha":0},"force_earliest_schedule":false} is taking a while...
2024-09-22 11:41:57.345610: E external/local_xla/xla/service/slow_operation_alarm.cc:65] Trying algorithm eng0{} for conv (f32[32,128,260,388]{3,2,1,0}, u8[0]{0}) custom-call(f32[32,64,256,384]{3,2,1,0}, f32[64,128,5,5]{3,2,1,0}), window={size=5x5}, dim_labels=bf01_oi01->bf01, custom_call_target="__cudnn$convBackwardInput", backend_config={"operation_queue_id":"0","wait_on_operation_queues":[],"cudnn_conv_backend_config":{"activation_mode":"kNone","conv_result_scale":1,"side_input_scale":0,"leakyrelu_alpha":0},"force_earliest_schedule":false} is taking a while...
2024-09-22 11:42:00.275405: E external/local_xla/xla/service/slow_operation_alarm.cc:133] The operation took 3.929848788s
Trying algorithm eng0{} for conv (f32[32,128,260,388]{3,2,1,0}, u8[0]{0}) custom-call(f32[32,64,256,384]{3,2,1,0}, f32[64,128,5,5]{3,2,1,0}), window={size=5x5}, dim_labels=bf01_oi01->bf01, custom_call_target="__cudnn$convBackwardInput", backend_config={"operation_queue_id":"0","wait_on_operation_queues":[],"cudnn_conv_backend_config":{"activation_mode":"kNone","conv_result_scale":1,"side_input_scale":0,"leakyrelu_alpha":0},"force_earliest_schedule":false} is taking a while...
2024-09-22 11:42:19.366589: E external/local_xla/xla/service/slow_operation_alarm.cc:65] Trying algorithm eng0{} for conv (f32[32,64,260,388]{3,2,1,0}, u8[0]{0}) custom-call(f32[32,64,128,192]{3,2,1,0}, f32[64,64,5,5]{3,2,1,0}), window={size=5x5 stride=2x2}, dim_labels=bf01_oi01->bf01, custom_call_target="__cudnn$convBackwardInput", backend_config={"operation_queue_id":"0","wait_on_operation_queues":[],"cudnn_conv_backend_config":{"activation_mode":"kNone","conv_result_scale":1,"side_input_scale":0,"leakyrelu_alpha":0},"force_earliest_schedule":false} is taking a while...
2024-09-22 11:42:20.593363: E external/local_xla/xla/service/slow_operation_alarm.cc:133] The operation took 2.2268328s
Trying algorithm eng0{} for conv (f32[32,64,260,388]{3,2,1,0}, u8[0]{0}) custom-call(f32[32,64,128,192]{3,2,1,0}, f32[64,64,5,5]{3,2,1,0}), window={size=5x5 stride=2x2}, dim_labels=bf01_oi01->bf01, custom_call_target="__cudnn$convBackwardInput", backend_config={"operation_queue_id":"0","wait_on_operation_queues":[],"cudnn_conv_backend_config":{"activation_mode":"kNone","conv_result_scale":1,"side_input_scale":0,"leakyrelu_alpha":0},"force_earliest_schedule":false} is taking a while...
I0000 00:00:1727019808.654841  146553 device_compiler.h:188] Compiled cluster using XLA!  This line is logged at most once for the lifetime of the process.
2024-09-22 11:43:38.661079: W external/local_tsl/tsl/framework/bfc_allocator.cc:482] Allocator (GPU_0_bfc) ran out of memory trying to allocate 28.21GiB (rounded to 30290317568)requested by op 
2024-09-22 11:43:38.661116: I external/local_tsl/tsl/framework/bfc_allocator.cc:1039] BFCAllocator dump for GPU_0_bfc
2024-09-22 11:43:38.661133: I external/local_tsl/tsl/framework/bfc_allocator.cc:1046] Bin (256): 	Total Chunks: 103, Chunks in use: 103. 25.8KiB allocated for chunks. 25.8KiB in use in bin. 7.3KiB client-requested in use in bin.
2024-09-22 11:43:38.661144: I external/local_tsl/tsl/framework/bfc_allocator.cc:1046] Bin (512): 	Total Chunks: 13, Chunks in use: 13. 6.8KiB allocated for chunks. 6.8KiB in use in bin. 6.8KiB client-requested in use in bin.
2024-09-22 11:43:38.661155: I external/local_tsl/tsl/framework/bfc_allocator.cc:1046] Bin (1024): 	Total Chunks: 25, Chunks in use: 25. 25.8KiB allocated for chunks. 25.8KiB in use in bin. 24.8KiB client-requested in use in bin.
2024-09-22 11:43:38.661165: I external/local_tsl/tsl/framework/bfc_allocator.cc:1046] Bin (2048): 	Total Chunks: 1, Chunks in use: 1. 2.5KiB allocated for chunks. 2.5KiB in use in bin. 2.5KiB client-requested in use in bin.
2024-09-22 11:43:38.661176: I external/local_tsl/tsl/framework/bfc_allocator.cc:1046] Bin (4096): 	Total Chunks: 4, Chunks in use: 4. 19.8KiB allocated for chunks. 19.8KiB in use in bin. 16.0KiB client-requested in use in bin.
2024-09-22 11:43:38.661186: I external/local_tsl/tsl/framework/bfc_allocator.cc:1046] Bin (8192): 	Total Chunks: 2, Chunks in use: 2. 16.0KiB allocated for chunks. 16.0KiB in use in bin. 16.0KiB client-requested in use in bin.
2024-09-22 11:43:38.661197: I external/local_tsl/tsl/framework/bfc_allocator.cc:1046] Bin (16384): 	Total Chunks: 6, Chunks in use: 6. 113.5KiB allocated for chunks. 113.5KiB in use in bin. 109.5KiB client-requested in use in bin.
2024-09-22 11:43:38.661208: I external/local_tsl/tsl/framework/bfc_allocator.cc:1046] Bin (32768): 	Total Chunks: 3, Chunks in use: 3. 116.0KiB allocated for chunks. 116.0KiB in use in bin. 82.8KiB client-requested in use in bin.
2024-09-22 11:43:38.661218: I external/local_tsl/tsl/framework/bfc_allocator.cc:1046] Bin (65536): 	Total Chunks: 16, Chunks in use: 16. 1.12MiB allocated for chunks. 1.12MiB in use in bin. 1.10MiB client-requested in use in bin.
2024-09-22 11:43:38.661234: I external/local_tsl/tsl/framework/bfc_allocator.cc:1046] Bin (131072): 	Total Chunks: 6, Chunks in use: 6. 1.09MiB allocated for chunks. 1.09MiB in use in bin. 956.0KiB client-requested in use in bin.
2024-09-22 11:43:38.661251: I external/local_tsl/tsl/framework/bfc_allocator.cc:1046] Bin (262144): 	Total Chunks: 15, Chunks in use: 15. 5.40MiB allocated for chunks. 5.40MiB in use in bin. 5.24MiB client-requested in use in bin.
2024-09-22 11:43:38.661267: I external/local_tsl/tsl/framework/bfc_allocator.cc:1046] Bin (524288): 	Total Chunks: 7, Chunks in use: 7. 5.43MiB allocated for chunks. 5.43MiB in use in bin. 4.88MiB client-requested in use in bin.
2024-09-22 11:43:38.661284: I external/local_tsl/tsl/framework/bfc_allocator.cc:1046] Bin (1048576): 	Total Chunks: 11, Chunks in use: 11. 18.36MiB allocated for chunks. 18.36MiB in use in bin. 18.36MiB client-requested in use in bin.
2024-09-22 11:43:38.661300: I external/local_tsl/tsl/framework/bfc_allocator.cc:1046] Bin (2097152): 	Total Chunks: 4, Chunks in use: 4. 12.50MiB allocated for chunks. 12.50MiB in use in bin. 12.50MiB client-requested in use in bin.
2024-09-22 11:43:38.661318: I external/local_tsl/tsl/framework/bfc_allocator.cc:1046] Bin (4194304): 	Total Chunks: 16, Chunks in use: 16. 103.91MiB allocated for chunks. 103.91MiB in use in bin. 101.56MiB client-requested in use in bin.
2024-09-22 11:43:38.661335: I external/local_tsl/tsl/framework/bfc_allocator.cc:1046] Bin (8388608): 	Total Chunks: 1, Chunks in use: 1. 12.00MiB allocated for chunks. 12.00MiB in use in bin. 12.00MiB client-requested in use in bin.
2024-09-22 11:43:38.661352: I external/local_tsl/tsl/framework/bfc_allocator.cc:1046] Bin (16777216): 	Total Chunks: 0, Chunks in use: 0. 0B allocated for chunks. 0B in use in bin. 0B client-requested in use in bin.
2024-09-22 11:43:38.661371: I external/local_tsl/tsl/framework/bfc_allocator.cc:1046] Bin (33554432): 	Total Chunks: 1, Chunks in use: 1. 36.00MiB allocated for chunks. 36.00MiB in use in bin. 36.00MiB client-requested in use in bin.
2024-09-22 11:43:38.661387: I external/local_tsl/tsl/framework/bfc_allocator.cc:1046] Bin (67108864): 	Total Chunks: 0, Chunks in use: 0. 0B allocated for chunks. 0B in use in bin. 0B client-requested in use in bin.
2024-09-22 11:43:38.661403: I external/local_tsl/tsl/framework/bfc_allocator.cc:1046] Bin (134217728): 	Total Chunks: 0, Chunks in use: 0. 0B allocated for chunks. 0B in use in bin. 0B client-requested in use in bin.
2024-09-22 11:43:38.661420: I external/local_tsl/tsl/framework/bfc_allocator.cc:1046] Bin (268435456): 	Total Chunks: 3, Chunks in use: 2. 45.57GiB allocated for chunks. 20.56GiB in use in bin. 20.56GiB client-requested in use in bin.
2024-09-22 11:43:38.661436: I external/local_tsl/tsl/framework/bfc_allocator.cc:1062] Bin for 28.21GiB was 256.00MiB, Chunk State: 
2024-09-22 11:43:38.661458: I external/local_tsl/tsl/framework/bfc_allocator.cc:1068]   Size: 25.01GiB | Requested Size: 16.06MiB | in_use: 0 | bin_num: 20, prev:   Size: 256B | Requested Size: 4B | in_use: 1 | bin_num: -1
2024-09-22 11:43:38.661472: I external/local_tsl/tsl/framework/bfc_allocator.cc:1075] Next region of size 49133387776
2024-09-22 11:43:38.661488: I external/local_tsl/tsl/framework/bfc_allocator.cc:1095] InUse at 7abb34000000 of size 256 next 1
2024-09-22 11:43:38.661533: I external/local_tsl/tsl/framework/bfc_allocator.cc:1095] InUse at 7abb34000100 of size 1280 next 2
2024-09-22 11:43:38.661549: I external/local_tsl/tsl/framework/bfc_allocator.cc:1095] InUse at 7abb34000600 of size 256 next 3
2024-09-22 11:43:38.661563: I external/local_tsl/tsl/framework/bfc_allocator.cc:1095] InUse at 7abb34000700 of size 256 next 4
2024-09-22 11:43:38.661576: I external/local_tsl/tsl/framework/bfc_allocator.cc:1095] InUse at 7abb34000800 of size 256 next 5
2024-09-22 11:43:38.661589: I external/local_tsl/tsl/framework/bfc_allocator.cc:1095] InUse at 7abb34000900 of size 256 next 6
2024-09-22 11:43:38.661602: I external/local_tsl/tsl/framework/bfc_allocator.cc:1095] InUse at 7abb34000a00 of size 256 next 8
2024-09-22 11:43:38.661615: I external/local_tsl/tsl/framework/bfc_allocator.cc:1095] InUse at 7abb34000b00 of size 16384 next 61
2024-09-22 11:43:38.661629: I external/local_tsl/tsl/framework/bfc_allocator.cc:1095] InUse at 7abb34004b00 of size 1024 next 63
2024-09-22 11:43:38.661646: I external/local_tsl/tsl/framework/bfc_allocator.cc:1095] InUse at 7abb34004f00 of size 1024 next 74
2024-09-22 11:43:38.661660: I external/local_tsl/tsl/framework/bfc_allocator.cc:1095] InUse at 7abb34005300 of size 1024 next 77
2024-09-22 11:43:38.661673: I external/local_tsl/tsl/framework/bfc_allocator.cc:1095] InUse at 7abb34005700 of size 256 next 78
2024-09-22 11:43:38.661686: I external/local_tsl/tsl/framework/bfc_allocator.cc:1095] InUse at 7abb34005800 of size 256 next 81
2024-09-22 11:43:38.661698: I external/local_tsl/tsl/framework/bfc_allocator.cc:1095] InUse at 7abb34005900 of size 256 next 82
2024-09-22 11:43:38.661712: I external/local_tsl/tsl/framework/bfc_allocator.cc:1095] InUse at 7abb34005a00 of size 256 next 83
2024-09-22 11:43:38.661725: I external/local_tsl/tsl/framework/bfc_allocator.cc:1095] InUse at 7abb34005b00 of size 256 next 84
2024-09-22 11:43:38.661738: I external/local_tsl/tsl/framework/bfc_allocator.cc:1095] InUse at 7abb34005c00 of size 256 next 86
2024-09-22 11:43:38.661750: I external/local_tsl/tsl/framework/bfc_allocator.cc:1095] InUse at 7abb34005d00 of size 256 next 90
2024-09-22 11:43:38.661763: I external/local_tsl/tsl/framework/bfc_allocator.cc:1095] InUse at 7abb34005e00 of size 256 next 88
2024-09-22 11:43:38.661776: I external/local_tsl/tsl/framework/bfc_allocator.cc:1095] InUse at 7abb34005f00 of size 1024 next 89
2024-09-22 11:43:38.661788: I external/local_tsl/tsl/framework/bfc_allocator.cc:1095] InUse at 7abb34006300 of size 1024 next 92
2024-09-22 11:43:38.661801: I external/local_tsl/tsl/framework/bfc_allocator.cc:1095] InUse at 7abb34006700 of size 1024 next 97
2024-09-22 11:43:38.661814: I external/local_tsl/tsl/framework/bfc_allocator.cc:1095] InUse at 7abb34006b00 of size 1024 next 99
2024-09-22 11:43:38.661827: I external/local_tsl/tsl/framework/bfc_allocator.cc:1095] InUse at 7abb34006f00 of size 1024 next 101
2024-09-22 11:43:38.661841: I external/local_tsl/tsl/framework/bfc_allocator.cc:1095] InUse at 7abb34007300 of size 256 next 94
2024-09-22 11:43:38.661855: I external/local_tsl/tsl/framework/bfc_allocator.cc:1095] InUse at 7abb34007400 of size 256 next 103
2024-09-22 11:43:38.661868: I external/local_tsl/tsl/framework/bfc_allocator.cc:1095] InUse at 7abb34007500 of size 1024 next 93
2024-09-22 11:43:38.661881: I external/local_tsl/tsl/framework/bfc_allocator.cc:1095] InUse at 7abb34007900 of size 256 next 105
2024-09-22 11:43:38.661893: I external/local_tsl/tsl/framework/bfc_allocator.cc:1095] InUse at 7abb34007a00 of size 256 next 106
2024-09-22 11:43:38.661906: I external/local_tsl/tsl/framework/bfc_allocator.cc:1095] InUse at 7abb34007b00 of size 256 next 109
2024-09-22 11:43:38.661920: I external/local_tsl/tsl/framework/bfc_allocator.cc:1095] InUse at 7abb34007c00 of size 256 next 111
2024-09-22 11:43:38.661933: I external/local_tsl/tsl/framework/bfc_allocator.cc:1095] InUse at 7abb34007d00 of size 256 next 110
2024-09-22 11:43:38.661947: I external/local_tsl/tsl/framework/bfc_allocator.cc:1095] InUse at 7abb34007e00 of size 1024 next 112
2024-09-22 11:43:38.661961: I external/local_tsl/tsl/framework/bfc_allocator.cc:1095] InUse at 7abb34008200 of size 1024 next 115
2024-09-22 11:43:38.661974: I external/local_tsl/tsl/framework/bfc_allocator.cc:1095] InUse at 7abb34008600 of size 1024 next 119
2024-09-22 11:43:38.661987: I external/local_tsl/tsl/framework/bfc_allocator.cc:1095] InUse at 7abb34008a00 of size 1024 next 121
2024-09-22 11:43:38.662000: I external/local_tsl/tsl/framework/bfc_allocator.cc:1095] InUse at 7abb34008e00 of size 256 next 116
2024-09-22 11:43:38.662013: I external/local_tsl/tsl/framework/bfc_allocator.cc:1095] InUse at 7abb34008f00 of size 256 next 118
2024-09-22 11:43:38.662026: I external/local_tsl/tsl/framework/bfc_allocator.cc:1095] InUse at 7abb34009000 of size 256 next 125
2024-09-22 11:43:38.662039: I external/local_tsl/tsl/framework/bfc_allocator.cc:1095] InUse at 7abb34009100 of size 1024 next 127
2024-09-22 11:43:38.662052: I external/local_tsl/tsl/framework/bfc_allocator.cc:1095] InUse at 7abb34009500 of size 1024 next 129
2024-09-22 11:43:38.662065: I external/local_tsl/tsl/framework/bfc_allocator.cc:1095] InUse at 7abb34009900 of size 1024 next 133
2024-09-22 11:43:38.662079: I external/local_tsl/tsl/framework/bfc_allocator.cc:1095] InUse at 7abb34009d00 of size 1536 next 11
2024-09-22 11:43:38.662093: I external/local_tsl/tsl/framework/bfc_allocator.cc:1095] InUse at 7abb3400a300 of size 19200 next 12
2024-09-22 11:43:38.662105: I external/local_tsl/tsl/framework/bfc_allocator.cc:1095] InUse at 7abb3400ee00 of size 256 next 7
2024-09-22 11:43:38.662118: I external/local_tsl/tsl/framework/bfc_allocator.cc:1095] InUse at 7abb3400ef00 of size 256 next 10
2024-09-22 11:43:38.662131: I external/local_tsl/tsl/framework/bfc_allocator.cc:1095] InUse at 7abb3400f000 of size 256 next 9
2024-09-22 11:43:38.662144: I external/local_tsl/tsl/framework/bfc_allocator.cc:1095] InUse at 7abb3400f100 of size 256 next 13
2024-09-22 11:43:38.662157: I external/local_tsl/tsl/framework/bfc_allocator.cc:1095] InUse at 7abb3400f200 of size 256 next 17
2024-09-22 11:43:38.662170: I external/local_tsl/tsl/framework/bfc_allocator.cc:1095] InUse at 7abb3400f300 of size 256 next 18
2024-09-22 11:43:38.662180: I external/local_tsl/tsl/framework/bfc_allocator.cc:1095] InUse at 7abb3400f400 of size 256 next 16
2024-09-22 11:43:38.662186: I external/local_tsl/tsl/framework/bfc_allocator.cc:1095] InUse at 7abb3400f500 of size 256 next 19
2024-09-22 11:43:38.662192: I external/local_tsl/tsl/framework/bfc_allocator.cc:1095] InUse at 7abb3400f600 of size 256 next 22
2024-09-22 11:43:38.662198: I external/local_tsl/tsl/framework/bfc_allocator.cc:1095] InUse at 7abb3400f700 of size 256 next 26
2024-09-22 11:43:38.662203: I external/local_tsl/tsl/framework/bfc_allocator.cc:1095] InUse at 7abb3400f800 of size 256 next 23
2024-09-22 11:43:38.662209: I external/local_tsl/tsl/framework/bfc_allocator.cc:1095] InUse at 7abb3400f900 of size 256 next 29
2024-09-22 11:43:38.662215: I external/local_tsl/tsl/framework/bfc_allocator.cc:1095] InUse at 7abb3400fa00 of size 256 next 20
2024-09-22 11:43:38.662221: I external/local_tsl/tsl/framework/bfc_allocator.cc:1095] InUse at 7abb3400fb00 of size 768 next 21
2024-09-22 11:43:38.662228: I external/local_tsl/tsl/framework/bfc_allocator.cc:1095] InUse at 7abb3400fe00 of size 256 next 28
2024-09-22 11:43:38.662234: I external/local_tsl/tsl/framework/bfc_allocator.cc:1095] InUse at 7abb3400ff00 of size 256 next 30
2024-09-22 11:43:38.662240: I external/local_tsl/tsl/framework/bfc_allocator.cc:1095] InUse at 7abb34010000 of size 256 next 36
2024-09-22 11:43:38.662246: I external/local_tsl/tsl/framework/bfc_allocator.cc:1095] InUse at 7abb34010100 of size 256 next 33
2024-09-22 11:43:38.662252: I external/local_tsl/tsl/framework/bfc_allocator.cc:1095] InUse at 7abb34010200 of size 256 next 38
2024-09-22 11:43:38.662259: I external/local_tsl/tsl/framework/bfc_allocator.cc:1095] InUse at 7abb34010300 of size 512 next 32
2024-09-22 11:43:38.662265: I external/local_tsl/tsl/framework/bfc_allocator.cc:1095] InUse at 7abb34010500 of size 512 next 41
2024-09-22 11:43:38.662272: I external/local_tsl/tsl/framework/bfc_allocator.cc:1095] InUse at 7abb34010700 of size 256 next 44
2024-09-22 11:43:38.662278: I external/local_tsl/tsl/framework/bfc_allocator.cc:1095] InUse at 7abb34010800 of size 256 next 40
2024-09-22 11:43:38.662283: I external/local_tsl/tsl/framework/bfc_allocator.cc:1095] InUse at 7abb34010900 of size 512 next 46
2024-09-22 11:43:38.662289: I external/local_tsl/tsl/framework/bfc_allocator.cc:1095] InUse at 7abb34010b00 of size 256 next 47
2024-09-22 11:43:38.662295: I external/local_tsl/tsl/framework/bfc_allocator.cc:1095] InUse at 7abb34010c00 of size 256 next 48
2024-09-22 11:43:38.662301: I external/local_tsl/tsl/framework/bfc_allocator.cc:1095] InUse at 7abb34010d00 of size 256 next 51
2024-09-22 11:43:38.662307: I external/local_tsl/tsl/framework/bfc_allocator.cc:1095] InUse at 7abb34010e00 of size 256 next 52
2024-09-22 11:43:38.662313: I external/local_tsl/tsl/framework/bfc_allocator.cc:1095] InUse at 7abb34010f00 of size 256 next 53
2024-09-22 11:43:38.662319: I external/local_tsl/tsl/framework/bfc_allocator.cc:1095] InUse at 7abb34011000 of size 256 next 54
2024-09-22 11:43:38.662325: I external/local_tsl/tsl/framework/bfc_allocator.cc:1095] InUse at 7abb34011100 of size 256 next 56
2024-09-22 11:43:38.662331: I external/local_tsl/tsl/framework/bfc_allocator.cc:1095] InUse at 7abb34011200 of size 256 next 60
2024-09-22 11:43:38.662337: I external/local_tsl/tsl/framework/bfc_allocator.cc:1095] InUse at 7abb34011300 of size 256 next 58
2024-09-22 11:43:38.662343: I external/local_tsl/tsl/framework/bfc_allocator.cc:1095] InUse at 7abb34011400 of size 512 next 59
2024-09-22 11:43:38.662348: I external/local_tsl/tsl/framework/bfc_allocator.cc:1095] InUse at 7abb34011600 of size 512 next 62
2024-09-22 11:43:38.662354: I external/local_tsl/tsl/framework/bfc_allocator.cc:1095] InUse at 7abb34011800 of size 512 next 67
2024-09-22 11:43:38.662360: I external/local_tsl/tsl/framework/bfc_allocator.cc:1095] InUse at 7abb34011a00 of size 256 next 64
2024-09-22 11:43:38.662366: I external/local_tsl/tsl/framework/bfc_allocator.cc:1095] InUse at 7abb34011b00 of size 256 next 69
2024-09-22 11:43:38.662372: I external/local_tsl/tsl/framework/bfc_allocator.cc:1095] InUse at 7abb34011c00 of size 256 next 71
2024-09-22 11:43:38.662378: I external/local_tsl/tsl/framework/bfc_allocator.cc:1095] InUse at 7abb34011d00 of size 256 next 76
2024-09-22 11:43:38.662383: I external/local_tsl/tsl/framework/bfc_allocator.cc:1095] InUse at 7abb34011e00 of size 256 next 31
2024-09-22 11:43:38.662389: I external/local_tsl/tsl/framework/bfc_allocator.cc:1095] InUse at 7abb34011f00 of size 6912 next 14
2024-09-22 11:43:38.662396: I external/local_tsl/tsl/framework/bfc_allocator.cc:1095] InUse at 7abb34013a00 of size 19200 next 15
2024-09-22 11:43:38.662402: I external/local_tsl/tsl/framework/bfc_allocator.cc:1095] InUse at 7abb34018500 of size 1024 next 132
2024-09-22 11:43:38.662408: I external/local_tsl/tsl/framework/bfc_allocator.cc:1095] InUse at 7abb34018900 of size 1024 next 137
2024-09-22 11:43:38.662414: I external/local_tsl/tsl/framework/bfc_allocator.cc:1095] InUse at 7abb34018d00 of size 256 next 135
2024-09-22 11:43:38.662419: I external/local_tsl/tsl/framework/bfc_allocator.cc:1095] InUse at 7abb34018e00 of size 256 next 140
2024-09-22 11:43:38.662425: I external/local_tsl/tsl/framework/bfc_allocator.cc:1095] InUse at 7abb34018f00 of size 1024 next 130
2024-09-22 11:43:38.662431: I external/local_tsl/tsl/framework/bfc_allocator.cc:1095] InUse at 7abb34019300 of size 1024 next 143
2024-09-22 11:43:38.662437: I external/local_tsl/tsl/framework/bfc_allocator.cc:1095] InUse at 7abb34019700 of size 256 next 146
2024-09-22 11:43:38.662444: I external/local_tsl/tsl/framework/bfc_allocator.cc:1095] InUse at 7abb34019800 of size 256 next 142
2024-09-22 11:43:38.662450: I external/local_tsl/tsl/framework/bfc_allocator.cc:1095] InUse at 7abb34019900 of size 1024 next 148
2024-09-22 11:43:38.662456: I external/local_tsl/tsl/framework/bfc_allocator.cc:1095] InUse at 7abb34019d00 of size 512 next 150
2024-09-22 11:43:38.662462: I external/local_tsl/tsl/framework/bfc_allocator.cc:1095] InUse at 7abb34019f00 of size 512 next 154
2024-09-22 11:43:38.662468: I external/local_tsl/tsl/framework/bfc_allocator.cc:1095] InUse at 7abb3401a100 of size 256 next 149
2024-09-22 11:43:38.662473: I external/local_tsl/tsl/framework/bfc_allocator.cc:1095] InUse at 7abb3401a200 of size 256 next 156
2024-09-22 11:43:38.662479: I external/local_tsl/tsl/framework/bfc_allocator.cc:1095] InUse at 7abb3401a300 of size 512 next 153
2024-09-22 11:43:38.662486: I external/local_tsl/tsl/framework/bfc_allocator.cc:1095] InUse at 7abb3401a500 of size 512 next 160
2024-09-22 11:43:38.662491: I external/local_tsl/tsl/framework/bfc_allocator.cc:1095] InUse at 7abb3401a700 of size 256 next 162
2024-09-22 11:43:38.662497: I external/local_tsl/tsl/framework/bfc_allocator.cc:1095] InUse at 7abb3401a800 of size 256 next 159
2024-09-22 11:43:38.662509: I external/local_tsl/tsl/framework/bfc_allocator.cc:1095] InUse at 7abb3401a900 of size 512 next 164
2024-09-22 11:43:38.662515: I external/local_tsl/tsl/framework/bfc_allocator.cc:1095] InUse at 7abb3401ab00 of size 256 next 165
2024-09-22 11:43:38.662521: I external/local_tsl/tsl/framework/bfc_allocator.cc:1095] InUse at 7abb3401ac00 of size 256 next 167
2024-09-22 11:43:38.662527: I external/local_tsl/tsl/framework/bfc_allocator.cc:1095] InUse at 7abb3401ad00 of size 256 next 171
2024-09-22 11:43:38.662532: I external/local_tsl/tsl/framework/bfc_allocator.cc:1095] InUse at 7abb3401ae00 of size 256 next 166
2024-09-22 11:43:38.662538: I external/local_tsl/tsl/framework/bfc_allocator.cc:1095] InUse at 7abb3401af00 of size 256 next 172
2024-09-22 11:43:38.662544: I external/local_tsl/tsl/framework/bfc_allocator.cc:1095] InUse at 7abb3401b000 of size 256 next 175
2024-09-22 11:43:38.662550: I external/local_tsl/tsl/framework/bfc_allocator.cc:1095] InUse at 7abb3401b100 of size 256 next 178
2024-09-22 11:43:38.662556: I external/local_tsl/tsl/framework/bfc_allocator.cc:1095] InUse at 7abb3401b200 of size 256 next 174
2024-09-22 11:43:38.662562: I external/local_tsl/tsl/framework/bfc_allocator.cc:1095] InUse at 7abb3401b300 of size 256 next 179
2024-09-22 11:43:38.662568: I external/local_tsl/tsl/framework/bfc_allocator.cc:1095] InUse at 7abb3401b400 of size 256 next 182
2024-09-22 11:43:38.662574: I external/local_tsl/tsl/framework/bfc_allocator.cc:1095] InUse at 7abb3401b500 of size 256 next 180
2024-09-22 11:43:38.662580: I external/local_tsl/tsl/framework/bfc_allocator.cc:1095] InUse at 7abb3401b600 of size 256 next 181
2024-09-22 11:43:38.662586: I external/local_tsl/tsl/framework/bfc_allocator.cc:1095] InUse at 7abb3401b700 of size 256 next 185
2024-09-22 11:43:38.662591: I external/local_tsl/tsl/framework/bfc_allocator.cc:1095] InUse at 7abb3401b800 of size 256 next 186
2024-09-22 11:43:38.662597: I external/local_tsl/tsl/framework/bfc_allocator.cc:1095] InUse at 7abb3401b900 of size 256 next 183
2024-09-22 11:43:38.662603: I external/local_tsl/tsl/framework/bfc_allocator.cc:1095] InUse at 7abb3401ba00 of size 256 next 189
2024-09-22 11:43:38.662609: I external/local_tsl/tsl/framework/bfc_allocator.cc:1095] InUse at 7abb3401bb00 of size 256 next 191
2024-09-22 11:43:38.662615: I external/local_tsl/tsl/framework/bfc_allocator.cc:1095] InUse at 7abb3401bc00 of size 256 next 192
2024-09-22 11:43:38.662621: I external/local_tsl/tsl/framework/bfc_allocator.cc:1095] InUse at 7abb3401bd00 of size 4096 next 214
2024-09-22 11:43:38.662627: I external/local_tsl/tsl/framework/bfc_allocator.cc:1095] InUse at 7abb3401cd00 of size 5120 next 198
2024-09-22 11:43:38.662633: I external/local_tsl/tsl/framework/bfc_allocator.cc:1095] InUse at 7abb3401e100 of size 4096 next 199
2024-09-22 11:43:38.662639: I external/local_tsl/tsl/framework/bfc_allocator.cc:1095] InUse at 7abb3401f100 of size 256 next 190
2024-09-22 11:43:38.662645: I external/local_tsl/tsl/framework/bfc_allocator.cc:1095] InUse at 7abb3401f200 of size 256 next 195
2024-09-22 11:43:38.662651: I external/local_tsl/tsl/framework/bfc_allocator.cc:1095] InUse at 7abb3401f300 of size 256 next 196
2024-09-22 11:43:38.662657: I external/local_tsl/tsl/framework/bfc_allocator.cc:1095] InUse at 7abb3401f400 of size 256 next 193
2024-09-22 11:43:38.662662: I external/local_tsl/tsl/framework/bfc_allocator.cc:1095] InUse at 7abb3401f500 of size 256 next 200
2024-09-22 11:43:38.662668: I external/local_tsl/tsl/framework/bfc_allocator.cc:1095] InUse at 7abb3401f600 of size 256 next 197
2024-09-22 11:43:38.662674: I external/local_tsl/tsl/framework/bfc_allocator.cc:1095] InUse at 7abb3401f700 of size 256 next 201
2024-09-22 11:43:38.662680: I external/local_tsl/tsl/framework/bfc_allocator.cc:1095] InUse at 7abb3401f800 of size 256 next 202
2024-09-22 11:43:38.662686: I external/local_tsl/tsl/framework/bfc_allocator.cc:1095] InUse at 7abb3401f900 of size 256 next 203
2024-09-22 11:43:38.662693: I external/local_tsl/tsl/framework/bfc_allocator.cc:1095] InUse at 7abb3401fa00 of size 256 next 204
2024-09-22 11:43:38.662699: I external/local_tsl/tsl/framework/bfc_allocator.cc:1095] InUse at 7abb3401fb00 of size 256 next 207
2024-09-22 11:43:38.662705: I external/local_tsl/tsl/framework/bfc_allocator.cc:1095] InUse at 7abb3401fc00 of size 256 next 217
2024-09-22 11:43:38.662711: I external/local_tsl/tsl/framework/bfc_allocator.cc:1095] InUse at 7abb3401fd00 of size 256 next 218
2024-09-22 11:43:38.662717: I external/local_tsl/tsl/framework/bfc_allocator.cc:1095] InUse at 7abb3401fe00 of size 256 next 219
2024-09-22 11:43:38.662723: I external/local_tsl/tsl/framework/bfc_allocator.cc:1095] InUse at 7abb3401ff00 of size 512 next 221
2024-09-22 11:43:38.662729: I external/local_tsl/tsl/framework/bfc_allocator.cc:1095] InUse at 7abb34020100 of size 1024 next 50
2024-09-22 11:43:38.662735: I external/local_tsl/tsl/framework/bfc_allocator.cc:1095] InUse at 7abb34020500 of size 32768 next 49
2024-09-22 11:43:38.662743: I external/local_tsl/tsl/framework/bfc_allocator.cc:1095] InUse at 7abb34028500 of size 65536 next 91
2024-09-22 11:43:38.662749: I external/local_tsl/tsl/framework/bfc_allocator.cc:1095] InUse at 7abb34038500 of size 73728 next 25
2024-09-22 11:43:38.662754: I external/local_tsl/tsl/framework/bfc_allocator.cc:1095] InUse at 7abb3404a500 of size 102400 next 24
2024-09-22 11:43:38.662760: I external/local_tsl/tsl/framework/bfc_allocator.cc:1095] InUse at 7abb34063500 of size 102400 next 27
2024-09-22 11:43:38.662766: I external/local_tsl/tsl/framework/bfc_allocator.cc:1095] InUse at 7abb3407c500 of size 8192 next 194
2024-09-22 11:43:38.662773: I external/local_tsl/tsl/framework/bfc_allocator.cc:1095] InUse at 7abb3407e500 of size 32768 next 184
2024-09-22 11:43:38.662779: I external/local_tsl/tsl/framework/bfc_allocator.cc:1095] InUse at 7abb34086500 of size 24576 next 113
2024-09-22 11:43:38.662785: I external/local_tsl/tsl/framework/bfc_allocator.cc:1095] InUse at 7abb3408c500 of size 65536 next 80
2024-09-22 11:43:38.662791: I external/local_tsl/tsl/framework/bfc_allocator.cc:1095] InUse at 7abb3409c500 of size 131072 next 79
2024-09-22 11:43:38.662797: I external/local_tsl/tsl/framework/bfc_allocator.cc:1095] InUse at 7abb340bc500 of size 65536 next 114
2024-09-22 11:43:38.662803: I external/local_tsl/tsl/framework/bfc_allocator.cc:1095] InUse at 7abb340cc500 of size 81920 next 57
2024-09-22 11:43:38.662808: I external/local_tsl/tsl/framework/bfc_allocator.cc:1095] InUse at 7abb340e0500 of size 409600 next 35
2024-09-22 11:43:38.662816: I external/local_tsl/tsl/framework/bfc_allocator.cc:1095] InUse at 7abb34144500 of size 409600 next 34
2024-09-22 11:43:38.662821: I external/local_tsl/tsl/framework/bfc_allocator.cc:1095] InUse at 7abb341a8500 of size 409600 next 37
2024-09-22 11:43:38.662827: I external/local_tsl/tsl/framework/bfc_allocator.cc:1095] InUse at 7abb3420c500 of size 409600 next 39
2024-09-22 11:43:38.662832: I external/local_tsl/tsl/framework/bfc_allocator.cc:1095] InUse at 7abb34270500 of size 409600 next 55
2024-09-22 11:43:38.662838: I external/local_tsl/tsl/framework/bfc_allocator.cc:1095] InUse at 7abb342d4500 of size 204800 next 187
2024-09-22 11:43:38.662844: I external/local_tsl/tsl/framework/bfc_allocator.cc:1095] InUse at 7abb34306500 of size 204800 next 43
2024-09-22 11:43:38.662849: I external/local_tsl/tsl/framework/bfc_allocator.cc:1095] InUse at 7abb34338500 of size 819200 next 42
2024-09-22 11:43:38.662855: I external/local_tsl/tsl/framework/bfc_allocator.cc:1095] InUse at 7abb34400500 of size 819200 next 45
2024-09-22 11:43:38.662861: I external/local_tsl/tsl/framework/bfc_allocator.cc:1095] InUse at 7abb344c8500 of size 65536 next 117
2024-09-22 11:43:38.662866: I external/local_tsl/tsl/framework/bfc_allocator.cc:1095] InUse at 7abb344d8500 of size 65536 next 126
2024-09-22 11:43:38.662872: I external/local_tsl/tsl/framework/bfc_allocator.cc:1095] InUse at 7abb344e8500 of size 65536 next 128
2024-09-22 11:43:38.662878: I external/local_tsl/tsl/framework/bfc_allocator.cc:1095] InUse at 7abb344f8500 of size 65536 next 108
2024-09-22 11:43:38.662883: I external/local_tsl/tsl/framework/bfc_allocator.cc:1095] InUse at 7abb34508500 of size 262144 next 107
2024-09-22 11:43:38.662889: I external/local_tsl/tsl/framework/bfc_allocator.cc:1095] InUse at 7abb34548500 of size 65536 next 131
2024-09-22 11:43:38.662895: I external/local_tsl/tsl/framework/bfc_allocator.cc:1095] InUse at 7abb34558500 of size 196608 next 124
2024-09-22 11:43:38.662901: I external/local_tsl/tsl/framework/bfc_allocator.cc:1095] InUse at 7abb34588500 of size 262144 next 123
2024-09-22 11:43:38.662906: I external/local_tsl/tsl/framework/bfc_allocator.cc:1095] InUse at 7abb345c8500 of size 81920 next 168
2024-09-22 11:43:38.662912: I external/local_tsl/tsl/framework/bfc_allocator.cc:1095] InUse at 7abb345dc500 of size 16384 next 210
2024-09-22 11:43:38.662918: I external/local_tsl/tsl/framework/bfc_allocator.cc:1095] InUse at 7abb345e0500 of size 81920 next 212
2024-09-22 11:43:38.662924: I external/local_tsl/tsl/framework/bfc_allocator.cc:1095] InUse at 7abb345f4500 of size 20480 next 215
2024-09-22 11:43:38.662930: I external/local_tsl/tsl/framework/bfc_allocator.cc:1095] InUse at 7abb345f9500 of size 8192 next 216
2024-09-22 11:43:38.662936: I external/local_tsl/tsl/framework/bfc_allocator.cc:1095] InUse at 7abb345fb500 of size 53248 next 138
2024-09-22 11:43:38.662942: I external/local_tsl/tsl/framework/bfc_allocator.cc:1095] InUse at 7abb34608500 of size 327680 next 87
2024-09-22 11:43:38.662948: I external/local_tsl/tsl/framework/bfc_allocator.cc:1095] InUse at 7abb34658500 of size 1638400 next 66
2024-09-22 11:43:38.662955: I external/local_tsl/tsl/framework/bfc_allocator.cc:1095] InUse at 7abb347e8500 of size 1638400 next 65
2024-09-22 11:43:38.662960: I external/local_tsl/tsl/framework/bfc_allocator.cc:1095] InUse at 7abb34978500 of size 1638400 next 68
2024-09-22 11:43:38.662966: I external/local_tsl/tsl/framework/bfc_allocator.cc:1095] InUse at 7abb34b08500 of size 1638400 next 70
2024-09-22 11:43:38.662972: I external/local_tsl/tsl/framework/bfc_allocator.cc:1095] InUse at 7abb34c98500 of size 1638400 next 85
2024-09-22 11:43:38.662978: I external/local_tsl/tsl/framework/bfc_allocator.cc:1095] InUse at 7abb34e28500 of size 327680 next 152
2024-09-22 11:43:38.662984: I external/local_tsl/tsl/framework/bfc_allocator.cc:1095] InUse at 7abb34e78500 of size 327680 next 151
2024-09-22 11:43:38.662989: I external/local_tsl/tsl/framework/bfc_allocator.cc:1095] InUse at 7abb34ec8500 of size 983040 next 73
2024-09-22 11:43:38.662995: I external/local_tsl/tsl/framework/bfc_allocator.cc:1095] InUse at 7abb34fb8500 of size 3276800 next 72
2024-09-22 11:43:38.663001: I external/local_tsl/tsl/framework/bfc_allocator.cc:1095] InUse at 7abb352d8500 of size 3276800 next 75
2024-09-22 11:43:38.663007: I external/local_tsl/tsl/framework/bfc_allocator.cc:1095] InUse at 7abb355f8500 of size 3276800 next 155
2024-09-22 11:43:38.663012: I external/local_tsl/tsl/framework/bfc_allocator.cc:1095] InUse at 7abb35918500 of size 2048000 next 161
2024-09-22 11:43:38.663018: I external/local_tsl/tsl/framework/bfc_allocator.cc:1095] InUse at 7abb35b0c500 of size 2048000 next 163
2024-09-22 11:43:38.663024: I external/local_tsl/tsl/framework/bfc_allocator.cc:1095] InUse at 7abb35d00500 of size 5734400 next 96
2024-09-22 11:43:38.663029: I external/local_tsl/tsl/framework/bfc_allocator.cc:1095] InUse at 7abb36278500 of size 6553600 next 95
2024-09-22 11:43:38.663035: I external/local_tsl/tsl/framework/bfc_allocator.cc:1095] InUse at 7abb368b8500 of size 6553600 next 98
2024-09-22 11:43:38.663041: I external/local_tsl/tsl/framework/bfc_allocator.cc:1095] InUse at 7abb36ef8500 of size 6553600 next 100
2024-09-22 11:43:38.663047: I external/local_tsl/tsl/framework/bfc_allocator.cc:1095] InUse at 7abb37538500 of size 6553600 next 102
2024-09-22 11:43:38.663052: I external/local_tsl/tsl/framework/bfc_allocator.cc:1095] InUse at 7abb37b78500 of size 6553600 next 104
2024-09-22 11:43:38.663058: I external/local_tsl/tsl/framework/bfc_allocator.cc:1095] InUse at 7abb381b8500 of size 6553600 next 120
2024-09-22 11:43:38.663063: I external/local_tsl/tsl/framework/bfc_allocator.cc:1095] InUse at 7abb387f8500 of size 6553600 next 122
2024-09-22 11:43:38.663068: I external/local_tsl/tsl/framework/bfc_allocator.cc:1095] InUse at 7abb38e38500 of size 6553600 next 134
2024-09-22 11:43:38.663073: I external/local_tsl/tsl/framework/bfc_allocator.cc:1095] InUse at 7abb39478500 of size 6553600 next 136
2024-09-22 11:43:38.663078: I external/local_tsl/tsl/framework/bfc_allocator.cc:1095] InUse at 7abb39ab8500 of size 6553600 next 139
2024-09-22 11:43:38.663082: I external/local_tsl/tsl/framework/bfc_allocator.cc:1095] InUse at 7abb3a0f8500 of size 6553600 next 141
2024-09-22 11:43:38.663087: I external/local_tsl/tsl/framework/bfc_allocator.cc:1095] InUse at 7abb3a738500 of size 204800 next 188
2024-09-22 11:43:38.663092: I external/local_tsl/tsl/framework/bfc_allocator.cc:1095] InUse at 7abb3a76a500 of size 204800 next 173
2024-09-22 11:43:38.663097: I external/local_tsl/tsl/framework/bfc_allocator.cc:1095] InUse at 7abb3a79c500 of size 409600 next 170
2024-09-22 11:43:38.663102: I external/local_tsl/tsl/framework/bfc_allocator.cc:1095] InUse at 7abb3a800500 of size 819200 next 169
2024-09-22 11:43:38.663107: I external/local_tsl/tsl/framework/bfc_allocator.cc:1095] InUse at 7abb3a8c8500 of size 512000 next 177
2024-09-22 11:43:38.663112: I external/local_tsl/tsl/framework/bfc_allocator.cc:1095] InUse at 7abb3a945500 of size 512000 next 176
2024-09-22 11:43:38.663117: I external/local_tsl/tsl/framework/bfc_allocator.cc:1095] InUse at 7abb3a9c2500 of size 614400 next 158
2024-09-22 11:43:38.663122: I external/local_tsl/tsl/framework/bfc_allocator.cc:1095] InUse at 7abb3aa58500 of size 1638400 next 157
2024-09-22 11:43:38.663127: I external/local_tsl/tsl/framework/bfc_allocator.cc:1095] InUse at 7abb3abe8500 of size 1638400 next 208
2024-09-22 11:43:38.663132: I external/local_tsl/tsl/framework/bfc_allocator.cc:1095] InUse at 7abb3ad78500 of size 819200 next 213
2024-09-22 11:43:38.663137: I external/local_tsl/tsl/framework/bfc_allocator.cc:1095] InUse at 7abb3ae40500 of size 819200 next 145
2024-09-22 11:43:38.663142: I external/local_tsl/tsl/framework/bfc_allocator.cc:1095] InUse at 7abb3af08500 of size 8192000 next 144
2024-09-22 11:43:38.663149: I external/local_tsl/tsl/framework/bfc_allocator.cc:1095] InUse at 7abb3b6d8500 of size 8192000 next 147
2024-09-22 11:43:38.663154: I external/local_tsl/tsl/framework/bfc_allocator.cc:1095] InUse at 7abb3bea8500 of size 16555180032 next 205
2024-09-22 11:43:38.663159: I external/local_tsl/tsl/framework/bfc_allocator.cc:1095] InUse at 7abf16ae8500 of size 5518393344 next 206
2024-09-22 11:43:38.663164: I external/local_tsl/tsl/framework/bfc_allocator.cc:1095] InUse at 7ac05f9a8500 of size 8192000 next 209
2024-09-22 11:43:38.663169: I external/local_tsl/tsl/framework/bfc_allocator.cc:1095] InUse at 7ac060178500 of size 2048000 next 211
2024-09-22 11:43:38.663174: I external/local_tsl/tsl/framework/bfc_allocator.cc:1095] InUse at 7ac06036c500 of size 1638400 next 220
2024-09-22 11:43:38.663179: I external/local_tsl/tsl/framework/bfc_allocator.cc:1095] InUse at 7ac0604fc500 of size 3276800 next 222
2024-09-22 11:43:38.663184: I external/local_tsl/tsl/framework/bfc_allocator.cc:1095] InUse at 7ac06081c500 of size 256 next 223
2024-09-22 11:43:38.663189: I external/local_tsl/tsl/framework/bfc_allocator.cc:1095] InUse at 7ac06081c600 of size 65536 next 224
2024-09-22 11:43:38.663194: I external/local_tsl/tsl/framework/bfc_allocator.cc:1095] InUse at 7ac06082c600 of size 6553600 next 225
2024-09-22 11:43:38.663199: I external/local_tsl/tsl/framework/bfc_allocator.cc:1095] InUse at 7ac060e6c600 of size 262144 next 226
2024-09-22 11:43:38.663204: I external/local_tsl/tsl/framework/bfc_allocator.cc:1095] InUse at 7ac060eac600 of size 409600 next 227
2024-09-22 11:43:38.663209: I external/local_tsl/tsl/framework/bfc_allocator.cc:1095] InUse at 7ac060f10600 of size 1024 next 228
2024-09-22 11:43:38.663214: I external/local_tsl/tsl/framework/bfc_allocator.cc:1095] InUse at 7ac060f10a00 of size 65536 next 229
2024-09-22 11:43:38.663219: I external/local_tsl/tsl/framework/bfc_allocator.cc:1095] InUse at 7ac060f20a00 of size 256 next 230
2024-09-22 11:43:38.663225: I external/local_tsl/tsl/framework/bfc_allocator.cc:1095] InUse at 7ac060f20b00 of size 12582912 next 231
2024-09-22 11:43:38.663230: I external/local_tsl/tsl/framework/bfc_allocator.cc:1095] InUse at 7ac061b20b00 of size 37748736 next 232
2024-09-22 11:43:38.663235: I external/local_tsl/tsl/framework/bfc_allocator.cc:1095] InUse at 7ac063f20b00 of size 2560 next 233
2024-09-22 11:43:38.663240: I external/local_tsl/tsl/framework/bfc_allocator.cc:1095] InUse at 7ac063f21500 of size 256 next 234
2024-09-22 11:43:38.663245: I external/local_tsl/tsl/framework/bfc_allocator.cc:1095] InUse at 7ac063f21600 of size 256 next 239
2024-09-22 11:43:38.663250: I external/local_tsl/tsl/framework/bfc_allocator.cc:1095] InUse at 7ac063f21700 of size 256 next 235
2024-09-22 11:43:38.663256: I external/local_tsl/tsl/framework/bfc_allocator.cc:1095] Free  at 7ac063f21800 of size 26854156288 next 18446744073709551615
2024-09-22 11:43:38.663261: I external/local_tsl/tsl/framework/bfc_allocator.cc:1100]      Summary of in-use Chunks by size: 
2024-09-22 11:43:38.663268: I external/local_tsl/tsl/framework/bfc_allocator.cc:1103] 103 Chunks of size 256 totalling 25.8KiB
2024-09-22 11:43:38.663274: I external/local_tsl/tsl/framework/bfc_allocator.cc:1103] 12 Chunks of size 512 totalling 6.0KiB
2024-09-22 11:43:38.663279: I external/local_tsl/tsl/framework/bfc_allocator.cc:1103] 1 Chunks of size 768 totalling 768B
2024-09-22 11:43:38.663285: I external/local_tsl/tsl/framework/bfc_allocator.cc:1103] 23 Chunks of size 1024 totalling 23.0KiB
2024-09-22 11:43:38.663291: I external/local_tsl/tsl/framework/bfc_allocator.cc:1103] 1 Chunks of size 1280 totalling 1.2KiB
2024-09-22 11:43:38.663297: I external/local_tsl/tsl/framework/bfc_allocator.cc:1103] 1 Chunks of size 1536 totalling 1.5KiB
2024-09-22 11:43:38.663303: I external/local_tsl/tsl/framework/bfc_allocator.cc:1103] 1 Chunks of size 2560 totalling 2.5KiB
2024-09-22 11:43:38.663308: I external/local_tsl/tsl/framework/bfc_allocator.cc:1103] 2 Chunks of size 4096 totalling 8.0KiB
2024-09-22 11:43:38.663314: I external/local_tsl/tsl/framework/bfc_allocator.cc:1103] 1 Chunks of size 5120 totalling 5.0KiB
2024-09-22 11:43:38.663319: I external/local_tsl/tsl/framework/bfc_allocator.cc:1103] 1 Chunks of size 6912 totalling 6.8KiB
2024-09-22 11:43:38.663324: I external/local_tsl/tsl/framework/bfc_allocator.cc:1103] 2 Chunks of size 8192 totalling 16.0KiB
2024-09-22 11:43:38.663330: I external/local_tsl/tsl/framework/bfc_allocator.cc:1103] 2 Chunks of size 16384 totalling 32.0KiB
2024-09-22 11:43:38.663335: I external/local_tsl/tsl/framework/bfc_allocator.cc:1103] 2 Chunks of size 19200 totalling 37.5KiB
2024-09-22 11:43:38.663341: I external/local_tsl/tsl/framework/bfc_allocator.cc:1103] 1 Chunks of size 20480 totalling 20.0KiB
2024-09-22 11:43:38.663346: I external/local_tsl/tsl/framework/bfc_allocator.cc:1103] 1 Chunks of size 24576 totalling 24.0KiB
2024-09-22 11:43:38.663352: I external/local_tsl/tsl/framework/bfc_allocator.cc:1103] 2 Chunks of size 32768 totalling 64.0KiB
2024-09-22 11:43:38.663357: I external/local_tsl/tsl/framework/bfc_allocator.cc:1103] 1 Chunks of size 53248 totalling 52.0KiB
2024-09-22 11:43:38.663363: I external/local_tsl/tsl/framework/bfc_allocator.cc:1103] 10 Chunks of size 65536 totalling 640.0KiB
2024-09-22 11:43:38.663368: I external/local_tsl/tsl/framework/bfc_allocator.cc:1103] 1 Chunks of size 73728 totalling 72.0KiB
2024-09-22 11:43:38.663374: I external/local_tsl/tsl/framework/bfc_allocator.cc:1103] 3 Chunks of size 81920 totalling 240.0KiB
2024-09-22 11:43:38.663379: I external/local_tsl/tsl/framework/bfc_allocator.cc:1103] 2 Chunks of size 102400 totalling 200.0KiB
2024-09-22 11:43:38.663385: I external/local_tsl/tsl/framework/bfc_allocator.cc:1103] 1 Chunks of size 131072 totalling 128.0KiB
2024-09-22 11:43:38.663391: I external/local_tsl/tsl/framework/bfc_allocator.cc:1103] 1 Chunks of size 196608 totalling 192.0KiB
2024-09-22 11:43:38.663396: I external/local_tsl/tsl/framework/bfc_allocator.cc:1103] 4 Chunks of size 204800 totalling 800.0KiB
2024-09-22 11:43:38.663402: I external/local_tsl/tsl/framework/bfc_allocator.cc:1103] 3 Chunks of size 262144 totalling 768.0KiB
2024-09-22 11:43:38.663408: I external/local_tsl/tsl/framework/bfc_allocator.cc:1103] 3 Chunks of size 327680 totalling 960.0KiB
2024-09-22 11:43:38.663414: I external/local_tsl/tsl/framework/bfc_allocator.cc:1103] 7 Chunks of size 409600 totalling 2.73MiB
2024-09-22 11:43:38.663419: I external/local_tsl/tsl/framework/bfc_allocator.cc:1103] 2 Chunks of size 512000 totalling 1000.0KiB
2024-09-22 11:43:38.663425: I external/local_tsl/tsl/framework/bfc_allocator.cc:1103] 1 Chunks of size 614400 totalling 600.0KiB
2024-09-22 11:43:38.663430: I external/local_tsl/tsl/framework/bfc_allocator.cc:1103] 5 Chunks of size 819200 totalling 3.91MiB
2024-09-22 11:43:38.663436: I external/local_tsl/tsl/framework/bfc_allocator.cc:1103] 1 Chunks of size 983040 totalling 960.0KiB
2024-09-22 11:43:38.663441: I external/local_tsl/tsl/framework/bfc_allocator.cc:1103] 8 Chunks of size 1638400 totalling 12.50MiB
2024-09-22 11:43:38.663447: I external/local_tsl/tsl/framework/bfc_allocator.cc:1103] 3 Chunks of size 2048000 totalling 5.86MiB
2024-09-22 11:43:38.663453: I external/local_tsl/tsl/framework/bfc_allocator.cc:1103] 4 Chunks of size 3276800 totalling 12.50MiB
2024-09-22 11:43:38.663458: I external/local_tsl/tsl/framework/bfc_allocator.cc:1103] 1 Chunks of size 5734400 totalling 5.47MiB
2024-09-22 11:43:38.663464: I external/local_tsl/tsl/framework/bfc_allocator.cc:1103] 12 Chunks of size 6553600 totalling 75.00MiB
2024-09-22 11:43:38.663469: I external/local_tsl/tsl/framework/bfc_allocator.cc:1103] 3 Chunks of size 8192000 totalling 23.44MiB
2024-09-22 11:43:38.663474: I external/local_tsl/tsl/framework/bfc_allocator.cc:1103] 1 Chunks of size 12582912 totalling 12.00MiB
2024-09-22 11:43:38.663480: I external/local_tsl/tsl/framework/bfc_allocator.cc:1103] 1 Chunks of size 37748736 totalling 36.00MiB
2024-09-22 11:43:38.663485: I external/local_tsl/tsl/framework/bfc_allocator.cc:1103] 1 Chunks of size 5518393344 totalling 5.14GiB
2024-09-22 11:43:38.663491: I external/local_tsl/tsl/framework/bfc_allocator.cc:1103] 1 Chunks of size 16555180032 totalling 15.42GiB
2024-09-22 11:43:38.663496: I external/local_tsl/tsl/framework/bfc_allocator.cc:1107] Sum Total of in-use chunks: 20.75GiB
2024-09-22 11:43:38.663508: I external/local_tsl/tsl/framework/bfc_allocator.cc:1109] Total bytes in pool: 49133387776 memory_limit_: 49133387776 available bytes: 0 curr_region_allocation_bytes_: 98266775552
2024-09-22 11:43:38.663516: I external/local_tsl/tsl/framework/bfc_allocator.cc:1114] Stats: 
Limit:                     49133387776
InUse:                     22279231488
MaxInUse:                  31780080384
NumAllocs:                        3761
MaxAllocSize:              16555180032
Reserved:                            0
PeakReserved:                        0
LargestFreeBlock:                    0

2024-09-22 11:43:38.663527: W external/local_tsl/tsl/framework/bfc_allocator.cc:494] **********************************************______________________________________________________
2024-09-22 11:43:38.663721: I tensorflow/core/framework/local_rendezvous.cc:404] Local rendezvous is aborting with status: RESOURCE_EXHAUSTED: Out of memory while trying to allocate 30290317432 bytes.
	 [[{{node StatefulPartitionedCall}}]]
Hint: If you want to see a list of allocated tensors when OOM happens, add report_tensor_allocations_upon_oom to RunOptions for current allocation info. This isn't available when running in Eager mode.

Traceback (most recent call last):
  File "/home/harish/gUstNET/train.py", line 83, in <module>
    history = generator.fit(X_train, Y_train, 
  File "/home/harish/miniconda3/envs/gUstNET/lib/python3.9/site-packages/keras/src/utils/traceback_utils.py", line 122, in error_handler
    raise e.with_traceback(filtered_tb) from None
  File "/home/harish/miniconda3/envs/gUstNET/lib/python3.9/site-packages/tensorflow/python/eager/execute.py", line 53, in quick_execute
    tensors = pywrap_tfe.TFE_Py_Execute(ctx._handle, device_name, op_name,
tensorflow.python.framework.errors_impl.ResourceExhaustedError: Graph execution error:

Detected at node StatefulPartitionedCall defined at (most recent call last):
  File "/home/harish/gUstNET/train.py", line 83, in <module>

  File "/home/harish/miniconda3/envs/gUstNET/lib/python3.9/site-packages/keras/src/utils/traceback_utils.py", line 117, in error_handler

  File "/home/harish/miniconda3/envs/gUstNET/lib/python3.9/site-packages/keras/src/backend/tensorflow/trainer.py", line 320, in fit

  File "/home/harish/miniconda3/envs/gUstNET/lib/python3.9/site-packages/keras/src/backend/tensorflow/trainer.py", line 121, in one_step_on_iterator

Out of memory while trying to allocate 30290317432 bytes.
	 [[{{node StatefulPartitionedCall}}]]
Hint: If you want to see a list of allocated tensors when OOM happens, add report_tensor_allocations_upon_oom to RunOptions for current allocation info. This isn't available when running in Eager mode.
 [Op:__inference_one_step_on_iterator_22935]
2024-09-22 11:43:41.359908: F external/local_tsl/tsl/framework/bfc_allocator.cc:797] Check failed: c->in_use() && (c->bin_num == kInvalidBinNum) 
srun: error: Chaos: task 0: Aborted (core dumped)
