2024-09-22 12:05:27.321450: E external/local_xla/xla/stream_executor/cuda/cuda_fft.cc:485] Unable to register cuFFT factory: Attempting to register factory for plugin cuFFT when one has already been registered
2024-09-22 12:05:27.332745: E external/local_xla/xla/stream_executor/cuda/cuda_dnn.cc:8454] Unable to register cuDNN factory: Attempting to register factory for plugin cuDNN when one has already been registered
2024-09-22 12:05:27.336176: E external/local_xla/xla/stream_executor/cuda/cuda_blas.cc:1452] Unable to register cuBLAS factory: Attempting to register factory for plugin cuBLAS when one has already been registered
2024-09-22 12:05:27.344945: I tensorflow/core/platform/cpu_feature_guard.cc:210] This TensorFlow binary is optimized to use available CPU instructions in performance-critical operations.
To enable the following instructions: SSE4.1 SSE4.2 AVX AVX2 FMA, in other operations, rebuild TensorFlow with the appropriate compiler flags.
2024-09-22 12:05:28.357189: E external/local_xla/xla/stream_executor/cuda/cuda_driver.cc:266] failed call to cuInit: CUDA_ERROR_NO_DEVICE: no CUDA-capable device is detected
2024-09-22 12:05:28.357220: I external/local_xla/xla/stream_executor/cuda/cuda_diagnostics.cc:135] retrieving CUDA diagnostic information for host: Chaos
2024-09-22 12:05:28.357226: I external/local_xla/xla/stream_executor/cuda/cuda_diagnostics.cc:142] hostname: Chaos
2024-09-22 12:05:28.357334: I external/local_xla/xla/stream_executor/cuda/cuda_diagnostics.cc:166] libcuda reported version is: 550.90.7
2024-09-22 12:05:28.357358: I external/local_xla/xla/stream_executor/cuda/cuda_diagnostics.cc:170] kernel reported version is: 550.90.7
2024-09-22 12:05:28.357363: I external/local_xla/xla/stream_executor/cuda/cuda_diagnostics.cc:249] kernel version seems to match DSO: 550.90.7
<module 'tensorflow._api.v2.version' from '/home/harish/miniconda3/envs/gUstNET/lib/python3.9/site-packages/tensorflow/_api/v2/version/__init__.py'>
3.5.0
<module 'tensorflow._api.v2.version' from '/home/harish/miniconda3/envs/gUstNET/lib/python3.9/site-packages/tensorflow/_api/v2/version/__init__.py'>
3.5.0
<module 'tensorflow._api.v2.version' from '/home/harish/miniconda3/envs/gUstNET/lib/python3.9/site-packages/tensorflow/_api/v2/version/__init__.py'>
3.5.0
X_train (14034, 256, 384, 3) Y_train (14034, 256, 384, 1) X_val (3456, 256, 384, 3) Y_val (3456, 256, 384, 1) X_test (8757, 256, 384, 3) Y_test (8757, 256, 384, 1)
Model: "functional"
┏━━━━━━━━━━━━━━━━━━━━━┳━━━━━━━━━━━━━━━━━━━┳━━━━━━━━━━━━┳━━━━━━━━━━━━━━━━━━━┓
┃ Layer (type)        ┃ Output Shape      ┃    Param # ┃ Connected to      ┃
┡━━━━━━━━━━━━━━━━━━━━━╇━━━━━━━━━━━━━━━━━━━╇━━━━━━━━━━━━╇━━━━━━━━━━━━━━━━━━━┩
│ input_layer         │ (None, 256, 384,  │          0 │ -                 │
│ (InputLayer)        │ 3)                │            │                   │
├─────────────────────┼───────────────────┼────────────┼───────────────────┤
│ reflect_padding2d_1 │ (None, 260, 388,  │          0 │ input_layer[0][0] │
│ (ReflectPadding2D)  │ 3)                │            │                   │
├─────────────────────┼───────────────────┼────────────┼───────────────────┤
│ reflect_padding2d_2 │ (None, 256, 384,  │          0 │ input_layer[0][0] │
│ (ReflectPadding2D)  │ 3)                │            │                   │
├─────────────────────┼───────────────────┼────────────┼───────────────────┤
│ conv2d_1 (Conv2D)   │ (None, 256, 384,  │      4,864 │ reflect_padding2… │
│                     │ 64)               │            │                   │
├─────────────────────┼───────────────────┼────────────┼───────────────────┤
│ conv2d_2 (Conv2D)   │ (None, 256, 384,  │        256 │ reflect_padding2… │
│                     │ 64)               │            │                   │
├─────────────────────┼───────────────────┼────────────┼───────────────────┤
│ add (Add)           │ (None, 256, 384,  │          0 │ conv2d_1[0][0],   │
│                     │ 64)               │            │ conv2d_2[0][0]    │
├─────────────────────┼───────────────────┼────────────┼───────────────────┤
│ reflect_padding2d_6 │ (None, 260, 388,  │          0 │ add[0][0]         │
│ (ReflectPadding2D)  │ 64)               │            │                   │
├─────────────────────┼───────────────────┼────────────┼───────────────────┤
│ conv2d_6 (Conv2D)   │ (None, 128, 192,  │    102,464 │ reflect_padding2… │
│                     │ 64)               │            │                   │
├─────────────────────┼───────────────────┼────────────┼───────────────────┤
│ reflect_padding2d_7 │ (None, 132, 196,  │          0 │ conv2d_6[0][0]    │
│ (ReflectPadding2D)  │ 64)               │            │                   │
├─────────────────────┼───────────────────┼────────────┼───────────────────┤
│ conv2d_7 (Conv2D)   │ (None, 128, 192,  │    102,464 │ reflect_padding2… │
│                     │ 64)               │            │                   │
├─────────────────────┼───────────────────┼────────────┼───────────────────┤
│ reflect_padding2d_8 │ (None, 132, 196,  │          0 │ conv2d_7[0][0]    │
│ (ReflectPadding2D)  │ 64)               │            │                   │
├─────────────────────┼───────────────────┼────────────┼───────────────────┤
│ conv2d_8 (Conv2D)   │ (None, 128, 192,  │    102,464 │ reflect_padding2… │
│                     │ 64)               │            │                   │
├─────────────────────┼───────────────────┼────────────┼───────────────────┤
│ reflect_padding2d_… │ (None, 132, 196,  │          0 │ conv2d_8[0][0]    │
│ (ReflectPadding2D)  │ 64)               │            │                   │
├─────────────────────┼───────────────────┼────────────┼───────────────────┤
│ reflect_padding2d_… │ (None, 128, 192,  │          0 │ conv2d_8[0][0]    │
│ (ReflectPadding2D)  │ 64)               │            │                   │
├─────────────────────┼───────────────────┼────────────┼───────────────────┤
│ conv2d_10 (Conv2D)  │ (None, 128, 192,  │    204,928 │ reflect_padding2… │
│                     │ 128)              │            │                   │
├─────────────────────┼───────────────────┼────────────┼───────────────────┤
│ conv2d_11 (Conv2D)  │ (None, 128, 192,  │      8,320 │ reflect_padding2… │
│                     │ 128)              │            │                   │
├─────────────────────┼───────────────────┼────────────┼───────────────────┤
│ add_2 (Add)         │ (None, 128, 192,  │          0 │ conv2d_10[0][0],  │
│                     │ 128)              │            │ conv2d_11[0][0]   │
├─────────────────────┼───────────────────┼────────────┼───────────────────┤
│ reflect_padding2d_… │ (None, 132, 196,  │          0 │ add_2[0][0]       │
│ (ReflectPadding2D)  │ 128)              │            │                   │
├─────────────────────┼───────────────────┼────────────┼───────────────────┤
│ conv2d_15 (Conv2D)  │ (None, 64, 96,    │    409,728 │ reflect_padding2… │
│                     │ 128)              │            │                   │
├─────────────────────┼───────────────────┼────────────┼───────────────────┤
│ reflect_padding2d_… │ (None, 68, 100,   │          0 │ conv2d_15[0][0]   │
│ (ReflectPadding2D)  │ 128)              │            │                   │
├─────────────────────┼───────────────────┼────────────┼───────────────────┤
│ conv2d_16 (Conv2D)  │ (None, 64, 96,    │    409,728 │ reflect_padding2… │
│                     │ 128)              │            │                   │
├─────────────────────┼───────────────────┼────────────┼───────────────────┤
│ reflect_padding2d_… │ (None, 68, 100,   │          0 │ conv2d_16[0][0]   │
│ (ReflectPadding2D)  │ 128)              │            │                   │
├─────────────────────┼───────────────────┼────────────┼───────────────────┤
│ conv2d_17 (Conv2D)  │ (None, 64, 96,    │    409,728 │ reflect_padding2… │
│                     │ 128)              │            │                   │
├─────────────────────┼───────────────────┼────────────┼───────────────────┤
│ reflect_padding2d_… │ (None, 68, 100,   │          0 │ conv2d_17[0][0]   │
│ (ReflectPadding2D)  │ 128)              │            │                   │
├─────────────────────┼───────────────────┼────────────┼───────────────────┤
│ reflect_padding2d_… │ (None, 64, 96,    │          0 │ conv2d_17[0][0]   │
│ (ReflectPadding2D)  │ 128)              │            │                   │
├─────────────────────┼───────────────────┼────────────┼───────────────────┤
│ conv2d_19 (Conv2D)  │ (None, 64, 96,    │    819,456 │ reflect_padding2… │
│                     │ 256)              │            │                   │
├─────────────────────┼───────────────────┼────────────┼───────────────────┤
│ conv2d_20 (Conv2D)  │ (None, 64, 96,    │     33,024 │ reflect_padding2… │
│                     │ 256)              │            │                   │
├─────────────────────┼───────────────────┼────────────┼───────────────────┤
│ add_4 (Add)         │ (None, 64, 96,    │          0 │ conv2d_19[0][0],  │
│                     │ 256)              │            │ conv2d_20[0][0]   │
├─────────────────────┼───────────────────┼────────────┼───────────────────┤
│ reflect_padding2d_… │ (None, 68, 100,   │          0 │ add_4[0][0]       │
│ (ReflectPadding2D)  │ 256)              │            │                   │
├─────────────────────┼───────────────────┼────────────┼───────────────────┤
│ conv2d_24 (Conv2D)  │ (None, 32, 48,    │  1,638,656 │ reflect_padding2… │
│                     │ 256)              │            │                   │
├─────────────────────┼───────────────────┼────────────┼───────────────────┤
│ reflect_padding2d_… │ (None, 36, 52,    │          0 │ conv2d_24[0][0]   │
│ (ReflectPadding2D)  │ 256)              │            │                   │
├─────────────────────┼───────────────────┼────────────┼───────────────────┤
│ conv2d_25 (Conv2D)  │ (None, 32, 48,    │  1,638,656 │ reflect_padding2… │
│                     │ 256)              │            │                   │
├─────────────────────┼───────────────────┼────────────┼───────────────────┤
│ reflect_padding2d_… │ (None, 36, 52,    │          0 │ conv2d_25[0][0]   │
│ (ReflectPadding2D)  │ 256)              │            │                   │
├─────────────────────┼───────────────────┼────────────┼───────────────────┤
│ conv2d_26 (Conv2D)  │ (None, 32, 48,    │  1,638,656 │ reflect_padding2… │
│                     │ 256)              │            │                   │
├─────────────────────┼───────────────────┼────────────┼───────────────────┤
│ reflect_padding2d_… │ (None, 36, 52,    │          0 │ conv2d_26[0][0]   │
│ (ReflectPadding2D)  │ 256)              │            │                   │
├─────────────────────┼───────────────────┼────────────┼───────────────────┤
│ reflect_padding2d_… │ (None, 32, 48,    │          0 │ conv2d_26[0][0]   │
│ (ReflectPadding2D)  │ 256)              │            │                   │
├─────────────────────┼───────────────────┼────────────┼───────────────────┤
│ conv2d_28 (Conv2D)  │ (None, 32, 48,    │  1,638,656 │ reflect_padding2… │
│                     │ 256)              │            │                   │
├─────────────────────┼───────────────────┼────────────┼───────────────────┤
│ conv2d_29 (Conv2D)  │ (None, 32, 48,    │     65,792 │ reflect_padding2… │
│                     │ 256)              │            │                   │
├─────────────────────┼───────────────────┼────────────┼───────────────────┤
│ add_6 (Add)         │ (None, 32, 48,    │          0 │ conv2d_28[0][0],  │
│                     │ 256)              │            │ conv2d_29[0][0]   │
├─────────────────────┼───────────────────┼────────────┼───────────────────┤
│ multi_head_attenti… │ (None, 32, 48,    │     65,984 │ add_6[0][0],      │
│ (MultiHeadAttentio… │ 256)              │            │ add_6[0][0]       │
├─────────────────────┼───────────────────┼────────────┼───────────────────┤
│ reflect_padding2d_… │ (None, 36, 52,    │          0 │ multi_head_atten… │
│ (ReflectPadding2D)  │ 256)              │            │                   │
├─────────────────────┼───────────────────┼────────────┼───────────────────┤
│ reflect_padding2d_… │ (None, 32, 48,    │          0 │ multi_head_atten… │
│ (ReflectPadding2D)  │ 256)              │            │                   │
├─────────────────────┼───────────────────┼────────────┼───────────────────┤
│ conv2d_31 (Conv2D)  │ (None, 32, 48,    │  1,638,656 │ reflect_padding2… │
│                     │ 256)              │            │                   │
├─────────────────────┼───────────────────┼────────────┼───────────────────┤
│ conv2d_32 (Conv2D)  │ (None, 32, 48,    │     65,792 │ reflect_padding2… │
│                     │ 256)              │            │                   │
├─────────────────────┼───────────────────┼────────────┼───────────────────┤
│ add_7 (Add)         │ (None, 32, 48,    │          0 │ conv2d_31[0][0],  │
│                     │ 256)              │            │ conv2d_32[0][0]   │
├─────────────────────┼───────────────────┼────────────┼───────────────────┤
│ multi_head_attenti… │ (None, 32, 48,    │     65,984 │ add_7[0][0],      │
│ (MultiHeadAttentio… │ 256)              │            │ add_7[0][0]       │
├─────────────────────┼───────────────────┼────────────┼───────────────────┤
│ reflect_padding2d_… │ (None, 36, 52,    │          0 │ multi_head_atten… │
│ (ReflectPadding2D)  │ 256)              │            │                   │
├─────────────────────┼───────────────────┼────────────┼───────────────────┤
│ reflect_padding2d_… │ (None, 32, 48,    │          0 │ multi_head_atten… │
│ (ReflectPadding2D)  │ 256)              │            │                   │
├─────────────────────┼───────────────────┼────────────┼───────────────────┤
│ conv2d_34 (Conv2D)  │ (None, 32, 48,    │  1,638,656 │ reflect_padding2… │
│                     │ 256)              │            │                   │
├─────────────────────┼───────────────────┼────────────┼───────────────────┤
│ conv2d_35 (Conv2D)  │ (None, 32, 48,    │     65,792 │ reflect_padding2… │
│                     │ 256)              │            │                   │
├─────────────────────┼───────────────────┼────────────┼───────────────────┤
│ add_8 (Add)         │ (None, 32, 48,    │          0 │ conv2d_34[0][0],  │
│                     │ 256)              │            │ conv2d_35[0][0]   │
├─────────────────────┼───────────────────┼────────────┼───────────────────┤
│ up_sampling2d       │ (None, 64, 96,    │          0 │ add_8[0][0]       │
│ (UpSampling2D)      │ 256)              │            │                   │
├─────────────────────┼───────────────────┼────────────┼───────────────────┤
│ reflect_padding2d_… │ (None, 68, 100,   │          0 │ up_sampling2d[0]… │
│ (ReflectPadding2D)  │ 256)              │            │                   │
├─────────────────────┼───────────────────┼────────────┼───────────────────┤
│ conv2d_36 (Conv2D)  │ (None, 64, 96,    │  1,638,656 │ reflect_padding2… │
│                     │ 256)              │            │                   │
├─────────────────────┼───────────────────┼────────────┼───────────────────┤
│ reflect_padding2d_… │ (None, 68, 100,   │          0 │ add_4[0][0]       │
│ (ReflectPadding2D)  │ 256)              │            │                   │
├─────────────────────┼───────────────────┼────────────┼───────────────────┤
│ reflect_padding2d_… │ (None, 64, 96,    │          0 │ add_4[0][0]       │
│ (ReflectPadding2D)  │ 256)              │            │                   │
├─────────────────────┼───────────────────┼────────────┼───────────────────┤
│ reflect_padding2d_… │ (None, 68, 100,   │          0 │ conv2d_36[0][0]   │
│ (ReflectPadding2D)  │ 256)              │            │                   │
├─────────────────────┼───────────────────┼────────────┼───────────────────┤
│ conv2d_22 (Conv2D)  │ (None, 64, 96,    │    409,664 │ reflect_padding2… │
│                     │ 64)               │            │                   │
├─────────────────────┼───────────────────┼────────────┼───────────────────┤
│ conv2d_23 (Conv2D)  │ (None, 64, 96,    │     16,448 │ reflect_padding2… │
│                     │ 64)               │            │                   │
├─────────────────────┼───────────────────┼────────────┼───────────────────┤
│ conv2d_37 (Conv2D)  │ (None, 64, 96,    │  1,638,656 │ reflect_padding2… │
│                     │ 256)              │            │                   │
├─────────────────────┼───────────────────┼────────────┼───────────────────┤
│ add_5 (Add)         │ (None, 64, 96,    │          0 │ conv2d_22[0][0],  │
│                     │ 64)               │            │ conv2d_23[0][0]   │
├─────────────────────┼───────────────────┼────────────┼───────────────────┤
│ concatenate         │ (None, 64, 96,    │          0 │ conv2d_37[0][0],  │
│ (Concatenate)       │ 320)              │            │ add_5[0][0]       │
├─────────────────────┼───────────────────┼────────────┼───────────────────┤
│ reflect_padding2d_… │ (None, 68, 100,   │          0 │ concatenate[0][0] │
│ (ReflectPadding2D)  │ 320)              │            │                   │
├─────────────────────┼───────────────────┼────────────┼───────────────────┤
│ reflect_padding2d_… │ (None, 64, 96,    │          0 │ concatenate[0][0] │
│ (ReflectPadding2D)  │ 320)              │            │                   │
├─────────────────────┼───────────────────┼────────────┼───────────────────┤
│ conv2d_39 (Conv2D)  │ (None, 64, 96,    │  2,048,256 │ reflect_padding2… │
│                     │ 256)              │            │                   │
├─────────────────────┼───────────────────┼────────────┼───────────────────┤
│ conv2d_40 (Conv2D)  │ (None, 64, 96,    │     82,176 │ reflect_padding2… │
│                     │ 256)              │            │                   │
├─────────────────────┼───────────────────┼────────────┼───────────────────┤
│ add_9 (Add)         │ (None, 64, 96,    │          0 │ conv2d_39[0][0],  │
│                     │ 256)              │            │ conv2d_40[0][0]   │
├─────────────────────┼───────────────────┼────────────┼───────────────────┤
│ up_sampling2d_1     │ (None, 128, 192,  │          0 │ add_9[0][0]       │
│ (UpSampling2D)      │ 256)              │            │                   │
├─────────────────────┼───────────────────┼────────────┼───────────────────┤
│ reflect_padding2d_… │ (None, 132, 196,  │          0 │ up_sampling2d_1[… │
│ (ReflectPadding2D)  │ 256)              │            │                   │
├─────────────────────┼───────────────────┼────────────┼───────────────────┤
│ conv2d_41 (Conv2D)  │ (None, 128, 192,  │    819,328 │ reflect_padding2… │
│                     │ 128)              │            │                   │
├─────────────────────┼───────────────────┼────────────┼───────────────────┤
│ reflect_padding2d_… │ (None, 132, 196,  │          0 │ add_2[0][0]       │
│ (ReflectPadding2D)  │ 128)              │            │                   │
├─────────────────────┼───────────────────┼────────────┼───────────────────┤
│ reflect_padding2d_… │ (None, 128, 192,  │          0 │ add_2[0][0]       │
│ (ReflectPadding2D)  │ 128)              │            │                   │
├─────────────────────┼───────────────────┼────────────┼───────────────────┤
│ reflect_padding2d_… │ (None, 132, 196,  │          0 │ conv2d_41[0][0]   │
│ (ReflectPadding2D)  │ 128)              │            │                   │
├─────────────────────┼───────────────────┼────────────┼───────────────────┤
│ conv2d_13 (Conv2D)  │ (None, 128, 192,  │    102,432 │ reflect_padding2… │
│                     │ 32)               │            │                   │
├─────────────────────┼───────────────────┼────────────┼───────────────────┤
│ conv2d_14 (Conv2D)  │ (None, 128, 192,  │      4,128 │ reflect_padding2… │
│                     │ 32)               │            │                   │
├─────────────────────┼───────────────────┼────────────┼───────────────────┤
│ conv2d_42 (Conv2D)  │ (None, 128, 192,  │    409,728 │ reflect_padding2… │
│                     │ 128)              │            │                   │
├─────────────────────┼───────────────────┼────────────┼───────────────────┤
│ add_3 (Add)         │ (None, 128, 192,  │          0 │ conv2d_13[0][0],  │
│                     │ 32)               │            │ conv2d_14[0][0]   │
├─────────────────────┼───────────────────┼────────────┼───────────────────┤
│ concatenate_1       │ (None, 128, 192,  │          0 │ conv2d_42[0][0],  │
│ (Concatenate)       │ 160)              │            │ add_3[0][0]       │
├─────────────────────┼───────────────────┼────────────┼───────────────────┤
│ reflect_padding2d_… │ (None, 132, 196,  │          0 │ concatenate_1[0]… │
│ (ReflectPadding2D)  │ 160)              │            │                   │
├─────────────────────┼───────────────────┼────────────┼───────────────────┤
│ reflect_padding2d_… │ (None, 128, 192,  │          0 │ concatenate_1[0]… │
│ (ReflectPadding2D)  │ 160)              │            │                   │
├─────────────────────┼───────────────────┼────────────┼───────────────────┤
│ conv2d_44 (Conv2D)  │ (None, 128, 192,  │    512,128 │ reflect_padding2… │
│                     │ 128)              │            │                   │
├─────────────────────┼───────────────────┼────────────┼───────────────────┤
│ conv2d_45 (Conv2D)  │ (None, 128, 192,  │     20,608 │ reflect_padding2… │
│                     │ 128)              │            │                   │
├─────────────────────┼───────────────────┼────────────┼───────────────────┤
│ add_10 (Add)        │ (None, 128, 192,  │          0 │ conv2d_44[0][0],  │
│                     │ 128)              │            │ conv2d_45[0][0]   │
├─────────────────────┼───────────────────┼────────────┼───────────────────┤
│ up_sampling2d_2     │ (None, 256, 384,  │          0 │ add_10[0][0]      │
│ (UpSampling2D)      │ 128)              │            │                   │
├─────────────────────┼───────────────────┼────────────┼───────────────────┤
│ reflect_padding2d_… │ (None, 260, 388,  │          0 │ up_sampling2d_2[… │
│ (ReflectPadding2D)  │ 128)              │            │                   │
├─────────────────────┼───────────────────┼────────────┼───────────────────┤
│ conv2d_46 (Conv2D)  │ (None, 256, 384,  │    204,864 │ reflect_padding2… │
│                     │ 64)               │            │                   │
├─────────────────────┼───────────────────┼────────────┼───────────────────┤
│ reflect_padding2d_4 │ (None, 260, 388,  │          0 │ add[0][0]         │
│ (ReflectPadding2D)  │ 64)               │            │                   │
├─────────────────────┼───────────────────┼────────────┼───────────────────┤
│ reflect_padding2d_5 │ (None, 256, 384,  │          0 │ add[0][0]         │
│ (ReflectPadding2D)  │ 64)               │            │                   │
├─────────────────────┼───────────────────┼────────────┼───────────────────┤
│ reflect_padding2d_… │ (None, 260, 388,  │          0 │ conv2d_46[0][0]   │
│ (ReflectPadding2D)  │ 64)               │            │                   │
├─────────────────────┼───────────────────┼────────────┼───────────────────┤
│ conv2d_4 (Conv2D)   │ (None, 256, 384,  │     25,616 │ reflect_padding2… │
│                     │ 16)               │            │                   │
├─────────────────────┼───────────────────┼────────────┼───────────────────┤
│ conv2d_5 (Conv2D)   │ (None, 256, 384,  │      1,040 │ reflect_padding2… │
│                     │ 16)               │            │                   │
├─────────────────────┼───────────────────┼────────────┼───────────────────┤
│ conv2d_47 (Conv2D)  │ (None, 256, 384,  │    102,464 │ reflect_padding2… │
│                     │ 64)               │            │                   │
├─────────────────────┼───────────────────┼────────────┼───────────────────┤
│ add_1 (Add)         │ (None, 256, 384,  │          0 │ conv2d_4[0][0],   │
│                     │ 16)               │            │ conv2d_5[0][0]    │
├─────────────────────┼───────────────────┼────────────┼───────────────────┤
│ concatenate_2       │ (None, 256, 384,  │          0 │ conv2d_47[0][0],  │
│ (Concatenate)       │ 80)               │            │ add_1[0][0]       │
├─────────────────────┼───────────────────┼────────────┼───────────────────┤
│ reflect_padding2d_… │ (None, 260, 388,  │          0 │ concatenate_2[0]… │
│ (ReflectPadding2D)  │ 80)               │            │                   │
├─────────────────────┼───────────────────┼────────────┼───────────────────┤
│ reflect_padding2d_… │ (None, 256, 384,  │          0 │ concatenate_2[0]… │
│ (ReflectPadding2D)  │ 80)               │            │                   │
├─────────────────────┼───────────────────┼────────────┼───────────────────┤
│ conv2d_49 (Conv2D)  │ (None, 256, 384,  │    128,064 │ reflect_padding2… │
│                     │ 64)               │            │                   │
├─────────────────────┼───────────────────┼────────────┼───────────────────┤
│ conv2d_50 (Conv2D)  │ (None, 256, 384,  │      5,184 │ reflect_padding2… │
│                     │ 64)               │            │                   │
├─────────────────────┼───────────────────┼────────────┼───────────────────┤
│ add_11 (Add)        │ (None, 256, 384,  │          0 │ conv2d_49[0][0],  │
│                     │ 64)               │            │ conv2d_50[0][0]   │
├─────────────────────┼───────────────────┼────────────┼───────────────────┤
│ reflect_padding2d_… │ (None, 260, 388,  │          0 │ add_11[0][0]      │
│ (ReflectPadding2D)  │ 64)               │            │                   │
├─────────────────────┼───────────────────┼────────────┼───────────────────┤
│ reflect_padding2d_… │ (None, 256, 384,  │          0 │ add_11[0][0]      │
│ (ReflectPadding2D)  │ 64)               │            │                   │
├─────────────────────┼───────────────────┼────────────┼───────────────────┤
│ conv2d_52 (Conv2D)  │ (None, 256, 384,  │     51,232 │ reflect_padding2… │
│                     │ 32)               │            │                   │
├─────────────────────┼───────────────────┼────────────┼───────────────────┤
│ conv2d_53 (Conv2D)  │ (None, 256, 384,  │      2,080 │ reflect_padding2… │
│                     │ 32)               │            │                   │
├─────────────────────┼───────────────────┼────────────┼───────────────────┤
│ add_12 (Add)        │ (None, 256, 384,  │          0 │ conv2d_52[0][0],  │
│                     │ 32)               │            │ conv2d_53[0][0]   │
├─────────────────────┼───────────────────┼────────────┼───────────────────┤
│ reflect_padding2d_… │ (None, 256, 384,  │          0 │ add_12[0][0]      │
│ (ReflectPadding2D)  │ 32)               │            │                   │
├─────────────────────┼───────────────────┼────────────┼───────────────────┤
│ conv2d_54 (Conv2D)  │ (None, 256, 384,  │      1,056 │ reflect_padding2… │
│                     │ 32)               │            │                   │
├─────────────────────┼───────────────────┼────────────┼───────────────────┤
│ reflect_padding2d_… │ (None, 256, 384,  │          0 │ conv2d_54[0][0]   │
│ (ReflectPadding2D)  │ 32)               │            │                   │
├─────────────────────┼───────────────────┼────────────┼───────────────────┤
│ conv2d_55 (Conv2D)  │ (None, 256, 384,  │         33 │ reflect_padding2… │
│                     │ 1)                │            │                   │
└─────────────────────┴───────────────────┴────────────┴───────────────────┘
 Total params: 20,992,545 (80.08 MB)
 Trainable params: 20,992,545 (80.08 MB)
 Non-trainable params: 0 (0.00 B)
None
Epoch 1/100
srun: Job step aborted: Waiting up to 32 seconds for job step to finish.
slurmstepd-Chaos: error: *** JOB 574 ON Chaos CANCELLED AT 2024-09-22T12:24:41 ***
slurmstepd-Chaos: error: *** STEP 574.0 ON Chaos CANCELLED AT 2024-09-22T12:24:41 ***
